1 209
209 208 207
207 209 206 208
208 205 207 206 205
205 209 204 208 203 207
207 204 206 203 205 204 203
203 209 202 208 201 207 202 206
206 201 205 202 204 201 203 202 201
201 209 200 208 199 207 200 206 199 205
205 200 204 199 203 200 202 199 201 200 199
199 209 198 208 197 207 198 206 197 205 198 204
204 197 203 198 202 197 201 198 200 197 199 198 197
197 209 196 208 195 207 196 206 195 205 196 204 195 203
203 196 202 195 201 196 200 195 199 196 198 195 197 196 195
195 209 194 208 193 207 194 206 193 205 194 204 193 203 194 202
202 193 201 194 200 193 199 194 198 193 197 194 196 193 195 194 193
193 209 192 208 191 207 192 206 191 205 192 204 191 203 192 202 191 201
201 192 200 191 199 192 198 191 197 192 196 191 195 192 194 191 193 192 191
191 209 190 208 189 207 190 206 189 205 190 204 189 203 190 202 189 201 190 200
200 189 199 190 198 189 197 190 196 189 195 190 194 189 193 190 192 189 191 190 189
189 209 188 208 187 207 188 206 187 205 188 204 187 203 188 202 187 201 188 200 187 199
199 188 198 187 197 188 196 187 195 188 194 187 193 188 192 187 191 188 190 187 189 188 187
187 209 186 208 185 207 186 206 185 205 186 204 185 203 186 202 185 201 186 200 185 199 186 198
198 185 197 186 196 185 195 186 194 185 193 186 192 185 191 186 190 185 189 186 188 185 187 186 185
185 209 184 208 183 207 184 206 183 205 184 204 183 203 184 202 183 201 184 200 183 199 184 198 183 197
197 184 196 183 195 184 194 183 193 184 192 183 191 184 190 183 189 184 188 183 187 184 186 183 185 184 183
183 209 182 208 181 207 182 206 181 205 182 204 181 203 182 202 181 201 182 200 181 199 182 198 181 197 182 196
196 181 195 182 194 181 193 182 192 181 191 182 190 181 189 182 188 181 187 182 186 181 185 182 184 181 183 182 181
181 209 180 208 179 207 180 206 179 205 180 204 179 203 180 202 179 201 180 200 179 199 180 198 179 197 180 196 179 195
195 180 194 179 193 180 192 179 191 180 190 179 189 180 188 179 187 180 186 179 185 180 184 179 183 180 182 179 181 180 179
179 209 178 208 177 207 178 206 177 205 178 204 177 203 178 202 177 201 178 200 177 199 178 198 177 197 178 196 177 195 178 194
194 177 193 178 192 177 191 178 190 177 189 178 188 177 187 178 186 177 185 178 184 177 183 178 182 177 181 178 180 177 179 178 177
177 209 176 208 175 207 176 206 175 205 176 204 175 203 176 202 175 201 176 200 175 199 176 198 175 197 176 196 175 195 176 194 175 193
193 176 192 175 191 176 190 175 189 176 188 175 187 176 186 175 185 176 184 175 183 176 182 175 181 176 180 175 179 176 178 175 177 176 175
175 209 174 208 173 207 174 206 173 205 174 204 173 203 174 202 173 201 174 200 173 199 174 198 173 197 174 196 173 195 174 194 173 193 174 192
192 173 191 174 190 173 189 174 188 173 187 174 186 173 185 174 184 173 183 174 182 173 181 174 180 173 179 174 178 173 177 174 176 173 175 174 173
173 209 172 208 171 207 172 206 171 205 172 204 171 203 172 202 171 201 172 200 171 199 172 198 171 197 172 196 171 195 172 194 171 193 172 192 171 191
191 172 190 171 189 172 188 171 187 172 186 171 185 172 184 171 183 172 182 171 181 172 180 171 179 172 178 171 177 172 176 171 175 172 174 171 173 172 171
171 209 170 208 169 207 170 206 169 205 170 204 169 203 170 202 169 201 170 200 169 199 170 198 169 197 170 196 169 195 170 194 169 193 170 192 169 191 170 190
190 169 189 170 188 169 187 170 186 169 185 170 184 169 183 170 182 169 181 170 180 169 179 170 178 169 177 170 176 169 175 170 174 169 173 170 172 169 171 170 169
169 209 168 208 167 207 168 206 167 205 168 204 167 203 168 202 167 201 168 200 167 199 168 198 167 197 168 196 167 195 168 194 167 193 168 192 167 191 168 190 167 189
189 168 188 167 187 168 186 167 185 168 184 167 183 168 182 167 181 168 180 167 179 168 178 167 177 168 176 167 175 168 174 167 173 168 172 167 171 168 170 167 169 168 167
167 209 166 208 165 207 166 206 165 205 166 204 165 203 166 202 165 201 166 200 165 199 166 198 165 197 166 196 165 195 166 194 165 193 166 192 165 191 166 190 165 189 166 188
188 165 187 166 186 165 185 166 184 165 183 166 182 165 181 166 180 165 179 166 178 165 177 166 176 165 175 166 174 165 173 166 172 165 171 166 170 165 169 166 168 165 167 166 165
165 209 164 208 163 207 164 206 163 205 164 204 163 203 164 202 163 201 164 200 163 199 164 198 163 197 164 196 163 195 164 194 163 193 164 192 163 191 164 190 163 189 164 188 163 187
187 164 186 163 185 164 184 163 183 164 182 163 181 164 180 163 179 164 178 163 177 164 176 163 175 164 174 163 173 164 172 163 171 164 170 163 169 164 168 163 167 164 166 163 165 164 163
163 209 162 208 161 207 162 206 161 205 162 204 161 203 162 202 161 201 162 200 161 199 162 198 161 197 162 196 161 195 162 194 161 193 162 192 161 191 162 190 161 189 162 188 161 187 162 186
186 161 185 162 184 161 183 162 182 161 181 162 180 161 179 162 178 161 177 162 176 161 175 162 174 161 173 162 172 161 171 162 170 161 169 162 168 161 167 162 166 161 165 162 164 161 163 162 161
161 209 160 208 159 207 160 206 159 205 160 204 159 203 160 202 159 201 160 200 159 199 160 198 159 197 160 196 159 195 160 194 159 193 160 192 159 191 160 190 159 189 160 188 159 187 160 186 159 185
185 160 184 159 183 160 182 159 181 160 180 159 179 160 178 159 177 160 176 159 175 160 174 159 173 160 172 159 171 160 170 159 169 160 168 159 167 160 166 159 165 160 164 159 163 160 162 159 161 160 159
159 209 158 208 157 207 158 206 157 205 158 204 157 203 158 202 157 201 158 200 157 199 158 198 157 197 158 196 157 195 158 194 157 193 158 192 157 191 158 190 157 189 158 188 157 187 158 186 157 185 158 184
184 157 183 158 182 157 181 158 180 157 179 158 178 157 177 158 176 157 175 158 174 157 173 158 172 157 171 158 170 157 169 158 168 157 167 158 166 157 165 158 164 157 163 158 162 157 161 158 160 157 159 158 157
157 209 156 208 155 207 156 206 155 205 156 204 155 203 156 202 155 201 156 200 155 199 156 198 155 197 156 196 155 195 156 194 155 193 156 192 155 191 156 190 155 189 156 188 155 187 156 186 155 185 156 184 155 183
183 156 182 155 181 156 180 155 179 156 178 155 177 156 176 155 175 156 174 155 173 156 172 155 171 156 170 155 169 156 168 155 167 156 166 155 165 156 164 155 163 156 162 155 161 156 160 155 159 156 158 155 157 156 155
155 209 154 208 153 207 154 206 153 205 154 204 153 203 154 202 153 201 154 200 153 199 154 198 153 197 154 196 153 195 154 194 153 193 154 192 153 191 154 190 153 189 154 188 153 187 154 186 153 185 154 184 153 183 154 182
182 153 181 154 180 153 179 154 178 153 177 154 176 153 175 154 174 153 173 154 172 153 171 154 170 153 169 154 168 153 167 154 166 153 165 154 164 153 163 154 162 153 161 154 160 153 159 154 158 153 157 154 156 153 155 154 153
153 209 152 208 151 207 152 206 151 205 152 204 151 203 152 202 151 201 152 200 151 199 152 198 151 197 152 196 151 195 152 194 151 193 152 192 151 191 152 190 151 189 152 188 151 187 152 186 151 185 152 184 151 183 152 182 151 181
181 152 180 151 179 152 178 151 177 152 176 151 175 152 174 151 173 152 172 151 171 152 170 151 169 152 168 151 167 152 166 151 165 152 164 151 163 152 162 151 161 152 160 151 159 152 158 151 157 152 156 151 155 152 154 151 153 152 151
151 209 150 208 149 207 150 206 149 205 150 204 149 203 150 202 149 201 150 200 149 199 150 198 149 197 150 196 149 195 150 194 149 193 150 192 149 191 150 190 149 189 150 188 149 187 150 186 149 185 150 184 149 183 150 182 149 181 150 180
180 149 179 150 178 149 177 150 176 149 175 150 174 149 173 150 172 149 171 150 170 149 169 150 168 149 167 150 166 149 165 150 164 149 163 150 162 149 161 150 160 149 159 150 158 149 157 150 156 149 155 150 154 149 153 150 152 149 151 150 149
149 209 148 208 147 207 148 206 147 205 148 204 147 203 148 202 147 201 148 200 147 199 148 198 147 197 148 196 147 195 148 194 147 193 148 192 147 191 148 190 147 189 148 188 147 187 148 186 147 185 148 184 147 183 148 182 147 181 148 180 147 179
179 148 178 147 177 148 176 147 175 148 174 147 173 148 172 147 171 148 170 147 169 148 168 147 167 148 166 147 165 148 164 147 163 148 162 147 161 148 160 147 159 148 158 147 157 148 156 147 155 148 154 147 153 148 152 147 151 148 150 147 149 148 147
147 209 146 208 145 207 146 206 145 205 146 204 145 203 146 202 145 201 146 200 145 199 146 198 145 197 146 196 145 195 146 194 145 193 146 192 145 191 146 190 145 189 146 188 145 187 146 186 145 185 146 184 145 183 146 182 145 181 146 180 145 179 146 178
178 145 177 146 176 145 175 146 174 145 173 146 172 145 171 146 170 145 169 146 168 145 167 146 166 145 165 146 164 145 163 146 162 145 161 146 160 145 159 146 158 145 157 146 156 145 155 146 154 145 153 146 152 145 151 146 150 145 149 146 148 145 147 146 145
145 209 144 208 143 207 144 206 143 205 144 204 143 203 144 202 143 201 144 200 143 199 144 198 143 197 144 196 143 195 144 194 143 193 144 192 143 191 144 190 143 189 144 188 143 187 144 186 143 185 144 184 143 183 144 182 143 181 144 180 143 179 144 178 143 177
177 144 176 143 175 144 174 143 173 144 172 143 171 144 170 143 169 144 168 143 167 144 166 143 165 144 164 143 163 144 162 143 161 144 160 143 159 144 158 143 157 144 156 143 155 144 154 143 153 144 152 143 151 144 150 143 149 144 148 143 147 144 146 143 145 144 143
143 209 142 208 141 207 142 206 141 205 142 204 141 203 142 202 141 201 142 200 141 199 142 198 141 197 142 196 141 195 142 194 141 193 142 192 141 191 142 190 141 189 142 188 141 187 142 186 141 185 142 184 141 183 142 182 141 181 142 180 141 179 142 178 141 177 142 176
176 141 175 142 174 141 173 142 172 141 171 142 170 141 169 142 168 141 167 142 166 141 165 142 164 141 163 142 162 141 161 142 160 141 159 142 158 141 157 142 156 141 155 142 154 141 153 142 152 141 151 142 150 141 149 142 148 141 147 142 146 141 145 142 144 141 143 142 141
141 209 140 208 139 207 140 206 139 205 140 204 139 203 140 202 139 201 140 200 139 199 140 198 139 197 140 196 139 195 140 194 139 193 140 192 139 191 140 190 139 189 140 188 139 187 140 186 139 185 140 184 139 183 140 182 139 181 140 180 139 179 140 178 139 177 140 176 139 175
175 140 174 139 173 140 172 139 171 140 170 139 169 140 168 139 167 140 166 139 165 140 164 139 163 140 162 139 161 140 160 139 159 140 158 139 157 140 156 139 155 140 154 139 153 140 152 139 151 140 150 139 149 140 148 139 147 140 146 139 145 140 144 139 143 140 142 139 141 140 139
139 209 138 208 137 207 138 206 137 205 138 204 137 203 138 202 137 201 138 200 137 199 138 198 137 197 138 196 137 195 138 194 137 193 138 192 137 191 138 190 137 189 138 188 137 187 138 186 137 185 138 184 137 183 138 182 137 181 138 180 137 179 138 178 137 177 138 176 137 175 138 174
174 137 173 138 172 137 171 138 170 137 169 138 168 137 167 138 166 137 165 138 164 137 163 138 162 137 161 138 160 137 159 138 158 137 157 138 156 137 155 138 154 137 153 138 152 137 151 138 150 137 149 138 148 137 147 138 146 137 145 138 144 137 143 138 142 137 141 138 140 137 139 138 137
137 209 136 208 135 207 136 206 135 205 136 204 135 203 136 202 135 201 136 200 135 199 136 198 135 197 136 196 135 195 136 194 135 193 136 192 135 191 136 190 135 189 136 188 135 187 136 186 135 185 136 184 135 183 136 182 135 181 136 180 135 179 136 178 135 177 136 176 135 175 136 174 135 173
173 136 172 135 171 136 170 135 169 136 168 135 167 136 166 135 165 136 164 135 163 136 162 135 161 136 160 135 159 136 158 135 157 136 156 135 155 136 154 135 153 136 152 135 151 136 150 135 149 136 148 135 147 136 146 135 145 136 144 135 143 136 142 135 141 136 140 135 139 136 138 135 137 136 135
135 209 134 208 133 207 134 206 133 205 134 204 133 203 134 202 133 201 134 200 133 199 134 198 133 197 134 196 133 195 134 194 133 193 134 192 133 191 134 190 133 189 134 188 133 187 134 186 133 185 134 184 133 183 134 182 133 181 134 180 133 179 134 178 133 177 134 176 133 175 134 174 133 173 134 172
172 133 171 134 170 133 169 134 168 133 167 134 166 133 165 134 164 133 163 134 162 133 161 134 160 133 159 134 158 133 157 134 156 133 155 134 154 133 153 134 152 133 151 134 150 133 149 134 148 133 147 134 146 133 145 134 144 133 143 134 142 133 141 134 140 133 139 134 138 133 137 134 136 133 135 134 133
133 209 132 208 131 207 132 206 131 205 132 204 131 203 132 202 131 201 132 200 131 199 132 198 131 197 132 196 131 195 132 194 131 193 132 192 131 191 132 190 131 189 132 188 131 187 132 186 131 185 132 184 131 183 132 182 131 181 132 180 131 179 132 178 131 177 132 176 131 175 132 174 131 173 132 172 131 171
171 132 170 131 169 132 168 131 167 132 166 131 165 132 164 131 163 132 162 131 161 132 160 131 159 132 158 131 157 132 156 131 155 132 154 131 153 132 152 131 151 132 150 131 149 132 148 131 147 132 146 131 145 132 144 131 143 132 142 131 141 132 140 131 139 132 138 131 137 132 136 131 135 132 134 131 133 132 131
131 209 130 208 129 207 130 206 129 205 130 204 129 203 130 202 129 201 130 200 129 199 130 198 129 197 130 196 129 195 130 194 129 193 130 192 129 191 130 190 129 189 130 188 129 187 130 186 129 185 130 184 129 183 130 182 129 181 130 180 129 179 130 178 129 177 130 176 129 175 130 174 129 173 130 172 129 171 130 170
170 129 169 130 168 129 167 130 166 129 165 130 164 129 163 130 162 129 161 130 160 129 159 130 158 129 157 130 156 129 155 130 154 129 153 130 152 129 151 130 150 129 149 130 148 129 147 130 146 129 145 130 144 129 143 130 142 129 141 130 140 129 139 130 138 129 137 130 136 129 135 130 134 129 133 130 132 129 131 130 129
129 209 128 208 127 207 128 206 127 205 128 204 127 203 128 202 127 201 128 200 127 199 128 198 127 197 128 196 127 195 128 194 127 193 128 192 127 191 128 190 127 189 128 188 127 187 128 186 127 185 128 184 127 183 128 182 127 181 128 180 127 179 128 178 127 177 128 176 127 175 128 174 127 173 128 172 127 171 128 170 127 169
169 128 168 127 167 128 166 127 165 128 164 127 163 128 162 127 161 128 160 127 159 128 158 127 157 128 156 127 155 128 154 127 153 128 152 127 151 128 150 127 149 128 148 127 147 128 146 127 145 128 144 127 143 128 142 127 141 128 140 127 139 128 138 127 137 128 136 127 135 128 134 127 133 128 132 127 131 128 130 127 129 128 127
127 209 126 208 125 207 126 206 125 205 126 204 125 203 126 202 125 201 126 200 125 199 126 198 125 197 126 196 125 195 126 194 125 193 126 192 125 191 126 190 125 189 126 188 125 187 126 186 125 185 126 184 125 183 126 182 125 181 126 180 125 179 126 178 125 177 126 176 125 175 126 174 125 173 126 172 125 171 126 170 125 169 126 168
168 125 167 126 166 125 165 126 164 125 163 126 162 125 161 126 160 125 159 126 158 125 157 126 156 125 155 126 154 125 153 126 152 125 151 126 150 125 149 126 148 125 147 126 146 125 145 126 144 125 143 126 142 125 141 126 140 125 139 126 138 125 137 126 136 125 135 126 134 125 133 126 132 125 131 126 130 125 129 126 128 125 127 126 125
125 209 124 208 123 207 124 206 123 205 124 204 123 203 124 202 123 201 124 200 123 199 124 198 123 197 124 196 123 195 124 194 123 193 124 192 123 191 124 190 123 189 124 188 123 187 124 186 123 185 124 184 123 183 124 182 123 181 124 180 123 179 124 178 123 177 124 176 123 175 124 174 123 173 124 172 123 171 124 170 123 169 124 168 123 167
167 124 166 123 165 124 164 123 163 124 162 123 161 124 160 123 159 124 158 123 157 124 156 123 155 124 154 123 153 124 152 123 151 124 150 123 149 124 148 123 147 124 146 123 145 124 144 123 143 124 142 123 141 124 140 123 139 124 138 123 137 124 136 123 135 124 134 123 133 124 132 123 131 124 130 123 129 124 128 123 127 124 126 123 125 124 123
123 209 122 208 121 207 122 206 121 205 122 204 121 203 122 202 121 201 122 200 121 199 122 198 121 197 122 196 121 195 122 194 121 193 122 192 121 191 122 190 121 189 122 188 121 187 122 186 121 185 122 184 121 183 122 182 121 181 122 180 121 179 122 178 121 177 122 176 121 175 122 174 121 173 122 172 121 171 122 170 121 169 122 168 121 167 122 166
166 121 165 122 164 121 163 122 162 121 161 122 160 121 159 122 158 121 157 122 156 121 155 122 154 121 153 122 152 121 151 122 150 121 149 122 148 121 147 122 146 121 145 122 144 121 143 122 142 121 141 122 140 121 139 122 138 121 137 122 136 121 135 122 134 121 133 122 132 121 131 122 130 121 129 122 128 121 127 122 126 121 125 122 124 121 123 122 121
121 209 120 208 119 207 120 206 119 205 120 204 119 203 120 202 119 201 120 200 119 199 120 198 119 197 120 196 119 195 120 194 119 193 120 192 119 191 120 190 119 189 120 188 119 187 120 186 119 185 120 184 119 183 120 182 119 181 120 180 119 179 120 178 119 177 120 176 119 175 120 174 119 173 120 172 119 171 120 170 119 169 120 168 119 167 120 166 119 165
165 120 164 119 163 120 162 119 161 120 160 119 159 120 158 119 157 120 156 119 155 120 154 119 153 120 152 119 151 120 150 119 149 120 148 119 147 120 146 119 145 120 144 119 143 120 142 119 141 120 140 119 139 120 138 119 137 120 136 119 135 120 134 119 133 120 132 119 131 120 130 119 129 120 128 119 127 120 126 119 125 120 124 119 123 120 122 119 121 120 119
119 209 118 208 117 207 118 206 117 205 118 204 117 203 118 202 117 201 118 200 117 199 118 198 117 197 118 196 117 195 118 194 117 193 118 192 117 191 118 190 117 189 118 188 117 187 118 186 117 185 118 184 117 183 118 182 117 181 118 180 117 179 118 178 117 177 118 176 117 175 118 174 117 173 118 172 117 171 118 170 117 169 118 168 117 167 118 166 117 165 118 164
164 117 163 118 162 117 161 118 160 117 159 118 158 117 157 118 156 117 155 118 154 117 153 118 152 117 151 118 150 117 149 118 148 117 147 118 146 117 145 118 144 117 143 118 142 117 141 118 140 117 139 118 138 117 137 118 136 117 135 118 134 117 133 118 132 117 131 118 130 117 129 118 128 117 127 118 126 117 125 118 124 117 123 118 122 117 121 118 120 117 119 118 117
117 209 116 208 115 207 116 206 115 205 116 204 115 203 116 202 115 201 116 200 115 199 116 198 115 197 116 196 115 195 116 194 115 193 116 192 115 191 116 190 115 189 116 188 115 187 116 186 115 185 116 184 115 183 116 182 115 181 116 180 115 179 116 178 115 177 116 176 115 175 116 174 115 173 116 172 115 171 116 170 115 169 116 168 115 167 116 166 115 165 116 164 115 163
163 116 162 115 161 116 160 115 159 116 158 115 157 116 156 115 155 116 154 115 153 116 152 115 151 116 150 115 149 116 148 115 147 116 146 115 145 116 144 115 143 116 142 115 141 116 140 115 139 116 138 115 137 116 136 115 135 116 134 115 133 116 132 115 131 116 130 115 129 116 128 115 127 116 126 115 125 116 124 115 123 116 122 115 121 116 120 115 119 116 118 115 117 116 115
115 209 114 208 113 207 114 206 113 205 114 204 113 203 114 202 113 201 114 200 113 199 114 198 113 197 114 196 113 195 114 194 113 193 114 192 113 191 114 190 113 189 114 188 113 187 114 186 113 185 114 184 113 183 114 182 113 181 114 180 113 179 114 178 113 177 114 176 113 175 114 174 113 173 114 172 113 171 114 170 113 169 114 168 113 167 114 166 113 165 114 164 113 163 114 162
162 113 161 114 160 113 159 114 158 113 157 114 156 113 155 114 154 113 153 114 152 113 151 114 150 113 149 114 148 113 147 114 146 113 145 114 144 113 143 114 142 113 141 114 140 113 139 114 138 113 137 114 136 113 135 114 134 113 133 114 132 113 131 114 130 113 129 114 128 113 127 114 126 113 125 114 124 113 123 114 122 113 121 114 120 113 119 114 118 113 117 114 116 113 115 114 113
113 209 112 208 111 207 112 206 111 205 112 204 111 203 112 202 111 201 112 200 111 199 112 198 111 197 112 196 111 195 112 194 111 193 112 192 111 191 112 190 111 189 112 188 111 187 112 186 111 185 112 184 111 183 112 182 111 181 112 180 111 179 112 178 111 177 112 176 111 175 112 174 111 173 112 172 111 171 112 170 111 169 112 168 111 167 112 166 111 165 112 164 111 163 112 162 111 161
161 112 160 111 159 112 158 111 157 112 156 111 155 112 154 111 153 112 152 111 151 112 150 111 149 112 148 111 147 112 146 111 145 112 144 111 143 112 142 111 141 112 140 111 139 112 138 111 137 112 136 111 135 112 134 111 133 112 132 111 131 112 130 111 129 112 128 111 127 112 126 111 125 112 124 111 123 112 122 111 121 112 120 111 119 112 118 111 117 112 116 111 115 112 114 111 113 112 111
111 209 110 208 109 207 110 206 109 205 110 204 109 203 110 202 109 201 110 200 109 199 110 198 109 197 110 196 109 195 110 194 109 193 110 192 109 191 110 190 109 189 110 188 109 187 110 186 109 185 110 184 109 183 110 182 109 181 110 180 109 179 110 178 109 177 110 176 109 175 110 174 109 173 110 172 109 171 110 170 109 169 110 168 109 167 110 166 109 165 110 164 109 163 110 162 109 161 110 160
160 109 159 110 158 109 157 110 156 109 155 110 154 109 153 110 152 109 151 110 150 109 149 110 148 109 147 110 146 109 145 110 144 109 143 110 142 109 141 110 140 109 139 110 138 109 137 110 136 109 135 110 134 109 133 110 132 109 131 110 130 109 129 110 128 109 127 110 126 109 125 110 124 109 123 110 122 109 121 110 120 109 119 110 118 109 117 110 116 109 115 110 114 109 113 110 112 109 111 110 109
109 209 108 208 107 207 108 206 107 205 108 204 107 203 108 202 107 201 108 200 107 199 108 198 107 197 108 196 107 195 108 194 107 193 108 192 107 191 108 190 107 189 108 188 107 187 108 186 107 185 108 184 107 183 108 182 107 181 108 180 107 179 108 178 107 177 108 176 107 175 108 174 107 173 108 172 107 171 108 170 107 169 108 168 107 167 108 166 107 165 108 164 107 163 108 162 107 161 108 160 107 159
159 108 158 107 157 108 156 107 155 108 154 107 153 108 152 107 151 108 150 107 149 108 148 107 147 108 146 107 145 108 144 107 143 108 142 107 141 108 140 107 139 108 138 107 137 108 136 107 135 108 134 107 133 108 132 107 131 108 130 107 129 108 128 107 127 108 126 107 125 108 124 107 123 108 122 107 121 108 120 107 119 108 118 107 117 108 116 107 115 108 114 107 113 108 112 107 111 108 110 107 109 108 107
107 209 106 208 105 207 106 206 105 205 106 204 105 203 106 202 105 201 106 200 105 199 106 198 105 197 106 196 105 195 106 194 105 193 106 192 105 191 106 190 105 189 106 188 105 187 106 186 105 185 106 184 105 183 106 182 105 181 106 180 105 179 106 178 105 177 106 176 105 175 106 174 105 173 106 172 105 171 106 170 105 169 106 168 105 167 106 166 105 165 106 164 105 163 106 162 105 161 106 160 105 159 106 158
158 105 157 106 156 105 155 106 154 105 153 106 152 105 151 106 150 105 149 106 148 105 147 106 146 105 145 106 144 105 143 106 142 105 141 106 140 105 139 106 138 105 137 106 136 105 135 106 134 105 133 106 132 105 131 106 130 105 129 106 128 105 127 106 126 105 125 106 124 105 123 106 122 105 121 106 120 105 119 106 118 105 117 106 116 105 115 106 114 105 113 106 112 105 111 106 110 105 109 106 108 105 107 106 105
105 209 104 208 103 207 104 206 103 205 104 204 103 203 104 202 103 201 104 200 103 199 104 198 103 197 104 196 103 195 104 194 103 193 104 192 103 191 104 190 103 189 104 188 103 187 104 186 103 185 104 184 103 183 104 182 103 181 104 180 103 179 104 178 103 177 104 176 103 175 104 174 103 173 104 172 103 171 104 170 103 169 104 168 103 167 104 166 103 165 104 164 103 163 104 162 103 161 104 160 103 159 104 158 103 157
157 104 156 103 155 104 154 103 153 104 152 103 151 104 150 103 149 104 148 103 147 104 146 103 145 104 144 103 143 104 142 103 141 104 140 103 139 104 138 103 137 104 136 103 135 104 134 103 133 104 132 103 131 104 130 103 129 104 128 103 127 104 126 103 125 104 124 103 123 104 122 103 121 104 120 103 119 104 118 103 117 104 116 103 115 104 114 103 113 104 112 103 111 104 110 103 109 104 108 103 107 104 106 103 105 104 103
103 209 102 208 101 207 102 206 101 205 102 204 101 203 102 202 101 201 102 200 101 199 102 198 101 197 102 196 101 195 102 194 101 193 102 192 101 191 102 190 101 189 102 188 101 187 102 186 101 185 102 184 101 183 102 182 101 181 102 180 101 179 102 178 101 177 102 176 101 175 102 174 101 173 102 172 101 171 102 170 101 169 102 168 101 167 102 166 101 165 102 164 101 163 102 162 101 161 102 160 101 159 102 158 101 157 102 156
156 101 155 102 154 101 153 102 152 101 151 102 150 101 149 102 148 101 147 102 146 101 145 102 144 101 143 102 142 101 141 102 140 101 139 102 138 101 137 102 136 101 135 102 134 101 133 102 132 101 131 102 130 101 129 102 128 101 127 102 126 101 125 102 124 101 123 102 122 101 121 102 120 101 119 102 118 101 117 102 116 101 115 102 114 101 113 102 112 101 111 102 110 101 109 102 108 101 107 102 106 101 105 102 104 101 103 102 101
101 209 100 208 99 207 100 206 99 205 100 204 99 203 100 202 99 201 100 200 99 199 100 198 99 197 100 196 99 195 100 194 99 193 100 192 99 191 100 190 99 189 100 188 99 187 100 186 99 185 100 184 99 183 100 182 99 181 100 180 99 179 100 178 99 177 100 176 99 175 100 174 99 173 100 172 99 171 100 170 99 169 100 168 99 167 100 166 99 165 100 164 99 163 100 162 99 161 100 160 99 159 100 158 99 157 100 156 99 155
155 100 154 99 153 100 152 99 151 100 150 99 149 100 148 99 147 100 146 99 145 100 144 99 143 100 142 99 141 100 140 99 139 100 138 99 137 100 136 99 135 100 134 99 133 100 132 99 131 100 130 99 129 100 128 99 127 100 126 99 125 100 124 99 123 100 122 99 121 100 120 99 119 100 118 99 117 100 116 99 115 100 114 99 113 100 112 99 111 100 110 99 109 100 108 99 107 100 106 99 105 100 104 99 103 100 102 99 101 100 99
99 209 98 208 97 207 98 206 97 205 98 204 97 203 98 202 97 201 98 200 97 199 98 198 97 197 98 196 97 195 98 194 97 193 98 192 97 191 98 190 97 189 98 188 97 187 98 186 97 185 98 184 97 183 98 182 97 181 98 180 97 179 98 178 97 177 98 176 97 175 98 174 97 173 98 172 97 171 98 170 97 169 98 168 97 167 98 166 97 165 98 164 97 163 98 162 97 161 98 160 97 159 98 158 97 157 98 156 97 155 98 154
154 97 153 98 152 97 151 98 150 97 149 98 148 97 147 98 146 97 145 98 144 97 143 98 142 97 141 98 140 97 139 98 138 97 137 98 136 97 135 98 134 97 133 98 132 97 131 98 130 97 129 98 128 97 127 98 126 97 125 98 124 97 123 98 122 97 121 98 120 97 119 98 118 97 117 98 116 97 115 98 114 97 113 98 112 97 111 98 110 97 109 98 108 97 107 98 106 97 105 98 104 97 103 98 102 97 101 98 100 97 99 98 97
97 209 96 208 95 207 96 206 95 205 96 204 95 203 96 202 95 201 96 200 95 199 96 198 95 197 96 196 95 195 96 194 95 193 96 192 95 191 96 190 95 189 96 188 95 187 96 186 95 185 96 184 95 183 96 182 95 181 96 180 95 179 96 178 95 177 96 176 95 175 96 174 95 173 96 172 95 171 96 170 95 169 96 168 95 167 96 166 95 165 96 164 95 163 96 162 95 161 96 160 95 159 96 158 95 157 96 156 95 155 96 154 95 153
153 96 152 95 151 96 150 95 149 96 148 95 147 96 146 95 145 96 144 95 143 96 142 95 141 96 140 95 139 96 138 95 137 96 136 95 135 96 134 95 133 96 132 95 131 96 130 95 129 96 128 95 127 96 126 95 125 96 124 95 123 96 122 95 121 96 120 95 119 96 118 95 117 96 116 95 115 96 114 95 113 96 112 95 111 96 110 95 109 96 108 95 107 96 106 95 105 96 104 95 103 96 102 95 101 96 100 95 99 96 98 95 97 96 95
95 209 94 208 93 207 94 206 93 205 94 204 93 203 94 202 93 201 94 200 93 199 94 198 93 197 94 196 93 195 94 194 93 193 94 192 93 191 94 190 93 189 94 188 93 187 94 186 93 185 94 184 93 183 94 182 93 181 94 180 93 179 94 178 93 177 94 176 93 175 94 174 93 173 94 172 93 171 94 170 93 169 94 168 93 167 94 166 93 165 94 164 93 163 94 162 93 161 94 160 93 159 94 158 93 157 94 156 93 155 94 154 93 153 94 152
152 93 151 94 150 93 149 94 148 93 147 94 146 93 145 94 144 93 143 94 142 93 141 94 140 93 139 94 138 93 137 94 136 93 135 94 134 93 133 94 132 93 131 94 130 93 129 94 128 93 127 94 126 93 125 94 124 93 123 94 122 93 121 94 120 93 119 94 118 93 117 94 116 93 115 94 114 93 113 94 112 93 111 94 110 93 109 94 108 93 107 94 106 93 105 94 104 93 103 94 102 93 101 94 100 93 99 94 98 93 97 94 96 93 95 94 93
93 209 92 208 91 207 92 206 91 205 92 204 91 203 92 202 91 201 92 200 91 199 92 198 91 197 92 196 91 195 92 194 91 193 92 192 91 191 92 190 91 189 92 188 91 187 92 186 91 185 92 184 91 183 92 182 91 181 92 180 91 179 92 178 91 177 92 176 91 175 92 174 91 173 92 172 91 171 92 170 91 169 92 168 91 167 92 166 91 165 92 164 91 163 92 162 91 161 92 160 91 159 92 158 91 157 92 156 91 155 92 154 91 153 92 152 91 151
151 92 150 91 149 92 148 91 147 92 146 91 145 92 144 91 143 92 142 91 141 92 140 91 139 92 138 91 137 92 136 91 135 92 134 91 133 92 132 91 131 92 130 91 129 92 128 91 127 92 126 91 125 92 124 91 123 92 122 91 121 92 120 91 119 92 118 91 117 92 116 91 115 92 114 91 113 92 112 91 111 92 110 91 109 92 108 91 107 92 106 91 105 92 104 91 103 92 102 91 101 92 100 91 99 92 98 91 97 92 96 91 95 92 94 91 93 92 91
91 209 90 208 89 207 90 206 89 205 90 204 89 203 90 202 89 201 90 200 89 199 90 198 89 197 90 196 89 195 90 194 89 193 90 192 89 191 90 190 89 189 90 188 89 187 90 186 89 185 90 184 89 183 90 182 89 181 90 180 89 179 90 178 89 177 90 176 89 175 90 174 89 173 90 172 89 171 90 170 89 169 90 168 89 167 90 166 89 165 90 164 89 163 90 162 89 161 90 160 89 159 90 158 89 157 90 156 89 155 90 154 89 153 90 152 89 151 90 150
150 89 149 90 148 89 147 90 146 89 145 90 144 89 143 90 142 89 141 90 140 89 139 90 138 89 137 90 136 89 135 90 134 89 133 90 132 89 131 90 130 89 129 90 128 89 127 90 126 89 125 90 124 89 123 90 122 89 121 90 120 89 119 90 118 89 117 90 116 89 115 90 114 89 113 90 112 89 111 90 110 89 109 90 108 89 107 90 106 89 105 90 104 89 103 90 102 89 101 90 100 89 99 90 98 89 97 90 96 89 95 90 94 89 93 90 92 89 91 90 89
89 209 88 208 87 207 88 206 87 205 88 204 87 203 88 202 87 201 88 200 87 199 88 198 87 197 88 196 87 195 88 194 87 193 88 192 87 191 88 190 87 189 88 188 87 187 88 186 87 185 88 184 87 183 88 182 87 181 88 180 87 179 88 178 87 177 88 176 87 175 88 174 87 173 88 172 87 171 88 170 87 169 88 168 87 167 88 166 87 165 88 164 87 163 88 162 87 161 88 160 87 159 88 158 87 157 88 156 87 155 88 154 87 153 88 152 87 151 88 150 87 149
149 88 148 87 147 88 146 87 145 88 144 87 143 88 142 87 141 88 140 87 139 88 138 87 137 88 136 87 135 88 134 87 133 88 132 87 131 88 130 87 129 88 128 87 127 88 126 87 125 88 124 87 123 88 122 87 121 88 120 87 119 88 118 87 117 88 116 87 115 88 114 87 113 88 112 87 111 88 110 87 109 88 108 87 107 88 106 87 105 88 104 87 103 88 102 87 101 88 100 87 99 88 98 87 97 88 96 87 95 88 94 87 93 88 92 87 91 88 90 87 89 88 87
87 209 86 208 85 207 86 206 85 205 86 204 85 203 86 202 85 201 86 200 85 199 86 198 85 197 86 196 85 195 86 194 85 193 86 192 85 191 86 190 85 189 86 188 85 187 86 186 85 185 86 184 85 183 86 182 85 181 86 180 85 179 86 178 85 177 86 176 85 175 86 174 85 173 86 172 85 171 86 170 85 169 86 168 85 167 86 166 85 165 86 164 85 163 86 162 85 161 86 160 85 159 86 158 85 157 86 156 85 155 86 154 85 153 86 152 85 151 86 150 85 149 86 148
148 85 147 86 146 85 145 86 144 85 143 86 142 85 141 86 140 85 139 86 138 85 137 86 136 85 135 86 134 85 133 86 132 85 131 86 130 85 129 86 128 85 127 86 126 85 125 86 124 85 123 86 122 85 121 86 120 85 119 86 118 85 117 86 116 85 115 86 114 85 113 86 112 85 111 86 110 85 109 86 108 85 107 86 106 85 105 86 104 85 103 86 102 85 101 86 100 85 99 86 98 85 97 86 96 85 95 86 94 85 93 86 92 85 91 86 90 85 89 86 88 85 87 86 85
85 209 84 208 83 207 84 206 83 205 84 204 83 203 84 202 83 201 84 200 83 199 84 198 83 197 84 196 83 195 84 194 83 193 84 192 83 191 84 190 83 189 84 188 83 187 84 186 83 185 84 184 83 183 84 182 83 181 84 180 83 179 84 178 83 177 84 176 83 175 84 174 83 173 84 172 83 171 84 170 83 169 84 168 83 167 84 166 83 165 84 164 83 163 84 162 83 161 84 160 83 159 84 158 83 157 84 156 83 155 84 154 83 153 84 152 83 151 84 150 83 149 84 148 83 147
147 84 146 83 145 84 144 83 143 84 142 83 141 84 140 83 139 84 138 83 137 84 136 83 135 84 134 83 133 84 132 83 131 84 130 83 129 84 128 83 127 84 126 83 125 84 124 83 123 84 122 83 121 84 120 83 119 84 118 83 117 84 116 83 115 84 114 83 113 84 112 83 111 84 110 83 109 84 108 83 107 84 106 83 105 84 104 83 103 84 102 83 101 84 100 83 99 84 98 83 97 84 96 83 95 84 94 83 93 84 92 83 91 84 90 83 89 84 88 83 87 84 86 83 85 84 83
83 209 82 208 81 207 82 206 81 205 82 204 81 203 82 202 81 201 82 200 81 199 82 198 81 197 82 196 81 195 82 194 81 193 82 192 81 191 82 190 81 189 82 188 81 187 82 186 81 185 82 184 81 183 82 182 81 181 82 180 81 179 82 178 81 177 82 176 81 175 82 174 81 173 82 172 81 171 82 170 81 169 82 168 81 167 82 166 81 165 82 164 81 163 82 162 81 161 82 160 81 159 82 158 81 157 82 156 81 155 82 154 81 153 82 152 81 151 82 150 81 149 82 148 81 147 82 146
146 81 145 82 144 81 143 82 142 81 141 82 140 81 139 82 138 81 137 82 136 81 135 82 134 81 133 82 132 81 131 82 130 81 129 82 128 81 127 82 126 81 125 82 124 81 123 82 122 81 121 82 120 81 119 82 118 81 117 82 116 81 115 82 114 81 113 82 112 81 111 82 110 81 109 82 108 81 107 82 106 81 105 82 104 81 103 82 102 81 101 82 100 81 99 82 98 81 97 82 96 81 95 82 94 81 93 82 92 81 91 82 90 81 89 82 88 81 87 82 86 81 85 82 84 81 83 82 81
81 209 80 208 79 207 80 206 79 205 80 204 79 203 80 202 79 201 80 200 79 199 80 198 79 197 80 196 79 195 80 194 79 193 80 192 79 191 80 190 79 189 80 188 79 187 80 186 79 185 80 184 79 183 80 182 79 181 80 180 79 179 80 178 79 177 80 176 79 175 80 174 79 173 80 172 79 171 80 170 79 169 80 168 79 167 80 166 79 165 80 164 79 163 80 162 79 161 80 160 79 159 80 158 79 157 80 156 79 155 80 154 79 153 80 152 79 151 80 150 79 149 80 148 79 147 80 146 79 145
145 80 144 79 143 80 142 79 141 80 140 79 139 80 138 79 137 80 136 79 135 80 134 79 133 80 132 79 131 80 130 79 129 80 128 79 127 80 126 79 125 80 124 79 123 80 122 79 121 80 120 79 119 80 118 79 117 80 116 79 115 80 114 79 113 80 112 79 111 80 110 79 109 80 108 79 107 80 106 79 105 80 104 79 103 80 102 79 101 80 100 79 99 80 98 79 97 80 96 79 95 80 94 79 93 80 92 79 91 80 90 79 89 80 88 79 87 80 86 79 85 80 84 79 83 80 82 79 81 80 79
79 209 78 208 77 207 78 206 77 205 78 204 77 203 78 202 77 201 78 200 77 199 78 198 77 197 78 196 77 195 78 194 77 193 78 192 77 191 78 190 77 189 78 188 77 187 78 186 77 185 78 184 77 183 78 182 77 181 78 180 77 179 78 178 77 177 78 176 77 175 78 174 77 173 78 172 77 171 78 170 77 169 78 168 77 167 78 166 77 165 78 164 77 163 78 162 77 161 78 160 77 159 78 158 77 157 78 156 77 155 78 154 77 153 78 152 77 151 78 150 77 149 78 148 77 147 78 146 77 145 78 144
144 77 143 78 142 77 141 78 140 77 139 78 138 77 137 78 136 77 135 78 134 77 133 78 132 77 131 78 130 77 129 78 128 77 127 78 126 77 125 78 124 77 123 78 122 77 121 78 120 77 119 78 118 77 117 78 116 77 115 78 114 77 113 78 112 77 111 78 110 77 109 78 108 77 107 78 106 77 105 78 104 77 103 78 102 77 101 78 100 77 99 78 98 77 97 78 96 77 95 78 94 77 93 78 92 77 91 78 90 77 89 78 88 77 87 78 86 77 85 78 84 77 83 78 82 77 81 78 80 77 79 78 77
77 209 76 208 75 207 76 206 75 205 76 204 75 203 76 202 75 201 76 200 75 199 76 198 75 197 76 196 75 195 76 194 75 193 76 192 75 191 76 190 75 189 76 188 75 187 76 186 75 185 76 184 75 183 76 182 75 181 76 180 75 179 76 178 75 177 76 176 75 175 76 174 75 173 76 172 75 171 76 170 75 169 76 168 75 167 76 166 75 165 76 164 75 163 76 162 75 161 76 160 75 159 76 158 75 157 76 156 75 155 76 154 75 153 76 152 75 151 76 150 75 149 76 148 75 147 76 146 75 145 76 144 75 143
143 76 142 75 141 76 140 75 139 76 138 75 137 76 136 75 135 76 134 75 133 76 132 75 131 76 130 75 129 76 128 75 127 76 126 75 125 76 124 75 123 76 122 75 121 76 120 75 119 76 118 75 117 76 116 75 115 76 114 75 113 76 112 75 111 76 110 75 109 76 108 75 107 76 106 75 105 76 104 75 103 76 102 75 101 76 100 75 99 76 98 75 97 76 96 75 95 76 94 75 93 76 92 75 91 76 90 75 89 76 88 75 87 76 86 75 85 76 84 75 83 76 82 75 81 76 80 75 79 76 78 75 77 76 75
75 209 74 208 73 207 74 206 73 205 74 204 73 203 74 202 73 201 74 200 73 199 74 198 73 197 74 196 73 195 74 194 73 193 74 192 73 191 74 190 73 189 74 188 73 187 74 186 73 185 74 184 73 183 74 182 73 181 74 180 73 179 74 178 73 177 74 176 73 175 74 174 73 173 74 172 73 171 74 170 73 169 74 168 73 167 74 166 73 165 74 164 73 163 74 162 73 161 74 160 73 159 74 158 73 157 74 156 73 155 74 154 73 153 74 152 73 151 74 150 73 149 74 148 73 147 74 146 73 145 74 144 73 143 74 142
142 73 141 74 140 73 139 74 138 73 137 74 136 73 135 74 134 73 133 74 132 73 131 74 130 73 129 74 128 73 127 74 126 73 125 74 124 73 123 74 122 73 121 74 120 73 119 74 118 73 117 74 116 73 115 74 114 73 113 74 112 73 111 74 110 73 109 74 108 73 107 74 106 73 105 74 104 73 103 74 102 73 101 74 100 73 99 74 98 73 97 74 96 73 95 74 94 73 93 74 92 73 91 74 90 73 89 74 88 73 87 74 86 73 85 74 84 73 83 74 82 73 81 74 80 73 79 74 78 73 77 74 76 73 75 74 73
73 209 72 208 71 207 72 206 71 205 72 204 71 203 72 202 71 201 72 200 71 199 72 198 71 197 72 196 71 195 72 194 71 193 72 192 71 191 72 190 71 189 72 188 71 187 72 186 71 185 72 184 71 183 72 182 71 181 72 180 71 179 72 178 71 177 72 176 71 175 72 174 71 173 72 172 71 171 72 170 71 169 72 168 71 167 72 166 71 165 72 164 71 163 72 162 71 161 72 160 71 159 72 158 71 157 72 156 71 155 72 154 71 153 72 152 71 151 72 150 71 149 72 148 71 147 72 146 71 145 72 144 71 143 72 142 71 141
141 72 140 71 139 72 138 71 137 72 136 71 135 72 134 71 133 72 132 71 131 72 130 71 129 72 128 71 127 72 126 71 125 72 124 71 123 72 122 71 121 72 120 71 119 72 118 71 117 72 116 71 115 72 114 71 113 72 112 71 111 72 110 71 109 72 108 71 107 72 106 71 105 72 104 71 103 72 102 71 101 72 100 71 99 72 98 71 97 72 96 71 95 72 94 71 93 72 92 71 91 72 90 71 89 72 88 71 87 72 86 71 85 72 84 71 83 72 82 71 81 72 80 71 79 72 78 71 77 72 76 71 75 72 74 71 73 72 71
71 209 70 208 69 207 70 206 69 205 70 204 69 203 70 202 69 201 70 200 69 199 70 198 69 197 70 196 69 195 70 194 69 193 70 192 69 191 70 190 69 189 70 188 69 187 70 186 69 185 70 184 69 183 70 182 69 181 70 180 69 179 70 178 69 177 70 176 69 175 70 174 69 173 70 172 69 171 70 170 69 169 70 168 69 167 70 166 69 165 70 164 69 163 70 162 69 161 70 160 69 159 70 158 69 157 70 156 69 155 70 154 69 153 70 152 69 151 70 150 69 149 70 148 69 147 70 146 69 145 70 144 69 143 70 142 69 141 70 140
140 69 139 70 138 69 137 70 136 69 135 70 134 69 133 70 132 69 131 70 130 69 129 70 128 69 127 70 126 69 125 70 124 69 123 70 122 69 121 70 120 69 119 70 118 69 117 70 116 69 115 70 114 69 113 70 112 69 111 70 110 69 109 70 108 69 107 70 106 69 105 70 104 69 103 70 102 69 101 70 100 69 99 70 98 69 97 70 96 69 95 70 94 69 93 70 92 69 91 70 90 69 89 70 88 69 87 70 86 69 85 70 84 69 83 70 82 69 81 70 80 69 79 70 78 69 77 70 76 69 75 70 74 69 73 70 72 69 71 70 69
69 209 68 208 67 207 68 206 67 205 68 204 67 203 68 202 67 201 68 200 67 199 68 198 67 197 68 196 67 195 68 194 67 193 68 192 67 191 68 190 67 189 68 188 67 187 68 186 67 185 68 184 67 183 68 182 67 181 68 180 67 179 68 178 67 177 68 176 67 175 68 174 67 173 68 172 67 171 68 170 67 169 68 168 67 167 68 166 67 165 68 164 67 163 68 162 67 161 68 160 67 159 68 158 67 157 68 156 67 155 68 154 67 153 68 152 67 151 68 150 67 149 68 148 67 147 68 146 67 145 68 144 67 143 68 142 67 141 68 140 67 139
139 68 138 67 137 68 136 67 135 68 134 67 133 68 132 67 131 68 130 67 129 68 128 67 127 68 126 67 125 68 124 67 123 68 122 67 121 68 120 67 119 68 118 67 117 68 116 67 115 68 114 67 113 68 112 67 111 68 110 67 109 68 108 67 107 68 106 67 105 68 104 67 103 68 102 67 101 68 100 67 99 68 98 67 97 68 96 67 95 68 94 67 93 68 92 67 91 68 90 67 89 68 88 67 87 68 86 67 85 68 84 67 83 68 82 67 81 68 80 67 79 68 78 67 77 68 76 67 75 68 74 67 73 68 72 67 71 68 70 67 69 68 67
67 209 66 208 65 207 66 206 65 205 66 204 65 203 66 202 65 201 66 200 65 199 66 198 65 197 66 196 65 195 66 194 65 193 66 192 65 191 66 190 65 189 66 188 65 187 66 186 65 185 66 184 65 183 66 182 65 181 66 180 65 179 66 178 65 177 66 176 65 175 66 174 65 173 66 172 65 171 66 170 65 169 66 168 65 167 66 166 65 165 66 164 65 163 66 162 65 161 66 160 65 159 66 158 65 157 66 156 65 155 66 154 65 153 66 152 65 151 66 150 65 149 66 148 65 147 66 146 65 145 66 144 65 143 66 142 65 141 66 140 65 139 66 138
138 65 137 66 136 65 135 66 134 65 133 66 132 65 131 66 130 65 129 66 128 65 127 66 126 65 125 66 124 65 123 66 122 65 121 66 120 65 119 66 118 65 117 66 116 65 115 66 114 65 113 66 112 65 111 66 110 65 109 66 108 65 107 66 106 65 105 66 104 65 103 66 102 65 101 66 100 65 99 66 98 65 97 66 96 65 95 66 94 65 93 66 92 65 91 66 90 65 89 66 88 65 87 66 86 65 85 66 84 65 83 66 82 65 81 66 80 65 79 66 78 65 77 66 76 65 75 66 74 65 73 66 72 65 71 66 70 65 69 66 68 65 67 66 65
65 209 64 208 63 207 64 206 63 205 64 204 63 203 64 202 63 201 64 200 63 199 64 198 63 197 64 196 63 195 64 194 63 193 64 192 63 191 64 190 63 189 64 188 63 187 64 186 63 185 64 184 63 183 64 182 63 181 64 180 63 179 64 178 63 177 64 176 63 175 64 174 63 173 64 172 63 171 64 170 63 169 64 168 63 167 64 166 63 165 64 164 63 163 64 162 63 161 64 160 63 159 64 158 63 157 64 156 63 155 64 154 63 153 64 152 63 151 64 150 63 149 64 148 63 147 64 146 63 145 64 144 63 143 64 142 63 141 64 140 63 139 64 138 63 137
137 64 136 63 135 64 134 63 133 64 132 63 131 64 130 63 129 64 128 63 127 64 126 63 125 64 124 63 123 64 122 63 121 64 120 63 119 64 118 63 117 64 116 63 115 64 114 63 113 64 112 63 111 64 110 63 109 64 108 63 107 64 106 63 105 64 104 63 103 64 102 63 101 64 100 63 99 64 98 63 97 64 96 63 95 64 94 63 93 64 92 63 91 64 90 63 89 64 88 63 87 64 86 63 85 64 84 63 83 64 82 63 81 64 80 63 79 64 78 63 77 64 76 63 75 64 74 63 73 64 72 63 71 64 70 63 69 64 68 63 67 64 66 63 65 64 63
63 209 62 208 61 207 62 206 61 205 62 204 61 203 62 202 61 201 62 200 61 199 62 198 61 197 62 196 61 195 62 194 61 193 62 192 61 191 62 190 61 189 62 188 61 187 62 186 61 185 62 184 61 183 62 182 61 181 62 180 61 179 62 178 61 177 62 176 61 175 62 174 61 173 62 172 61 171 62 170 61 169 62 168 61 167 62 166 61 165 62 164 61 163 62 162 61 161 62 160 61 159 62 158 61 157 62 156 61 155 62 154 61 153 62 152 61 151 62 150 61 149 62 148 61 147 62 146 61 145 62 144 61 143 62 142 61 141 62 140 61 139 62 138 61 137 62 136
136 61 135 62 134 61 133 62 132 61 131 62 130 61 129 62 128 61 127 62 126 61 125 62 124 61 123 62 122 61 121 62 120 61 119 62 118 61 117 62 116 61 115 62 114 61 113 62 112 61 111 62 110 61 109 62 108 61 107 62 106 61 105 62 104 61 103 62 102 61 101 62 100 61 99 62 98 61 97 62 96 61 95 62 94 61 93 62 92 61 91 62 90 61 89 62 88 61 87 62 86 61 85 62 84 61 83 62 82 61 81 62 80 61 79 62 78 61 77 62 76 61 75 62 74 61 73 62 72 61 71 62 70 61 69 62 68 61 67 62 66 61 65 62 64 61 63 62 61
61 209 60 208 59 207 60 206 59 205 60 204 59 203 60 202 59 201 60 200 59 199 60 198 59 197 60 196 59 195 60 194 59 193 60 192 59 191 60 190 59 189 60 188 59 187 60 186 59 185 60 184 59 183 60 182 59 181 60 180 59 179 60 178 59 177 60 176 59 175 60 174 59 173 60 172 59 171 60 170 59 169 60 168 59 167 60 166 59 165 60 164 59 163 60 162 59 161 60 160 59 159 60 158 59 157 60 156 59 155 60 154 59 153 60 152 59 151 60 150 59 149 60 148 59 147 60 146 59 145 60 144 59 143 60 142 59 141 60 140 59 139 60 138 59 137 60 136 59 135
135 60 134 59 133 60 132 59 131 60 130 59 129 60 128 59 127 60 126 59 125 60 124 59 123 60 122 59 121 60 120 59 119 60 118 59 117 60 116 59 115 60 114 59 113 60 112 59 111 60 110 59 109 60 108 59 107 60 106 59 105 60 104 59 103 60 102 59 101 60 100 59 99 60 98 59 97 60 96 59 95 60 94 59 93 60 92 59 91 60 90 59 89 60 88 59 87 60 86 59 85 60 84 59 83 60 82 59 81 60 80 59 79 60 78 59 77 60 76 59 75 60 74 59 73 60 72 59 71 60 70 59 69 60 68 59 67 60 66 59 65 60 64 59 63 60 62 59 61 60 59
59 209 58 208 57 207 58 206 57 205 58 204 57 203 58 202 57 201 58 200 57 199 58 198 57 197 58 196 57 195 58 194 57 193 58 192 57 191 58 190 57 189 58 188 57 187 58 186 57 185 58 184 57 183 58 182 57 181 58 180 57 179 58 178 57 177 58 176 57 175 58 174 57 173 58 172 57 171 58 170 57 169 58 168 57 167 58 166 57 165 58 164 57 163 58 162 57 161 58 160 57 159 58 158 57 157 58 156 57 155 58 154 57 153 58 152 57 151 58 150 57 149 58 148 57 147 58 146 57 145 58 144 57 143 58 142 57 141 58 140 57 139 58 138 57 137 58 136 57 135 58 134
134 57 133 58 132 57 131 58 130 57 129 58 128 57 127 58 126 57 125 58 124 57 123 58 122 57 121 58 120 57 119 58 118 57 117 58 116 57 115 58 114 57 113 58 112 57 111 58 110 57 109 58 108 57 107 58 106 57 105 58 104 57 103 58 102 57 101 58 100 57 99 58 98 57 97 58 96 57 95 58 94 57 93 58 92 57 91 58 90 57 89 58 88 57 87 58 86 57 85 58 84 57 83 58 82 57 81 58 80 57 79 58 78 57 77 58 76 57 75 58 74 57 73 58 72 57 71 58 70 57 69 58 68 57 67 58 66 57 65 58 64 57 63 58 62 57 61 58 60 57 59 58 57
57 209 56 208 55 207 56 206 55 205 56 204 55 203 56 202 55 201 56 200 55 199 56 198 55 197 56 196 55 195 56 194 55 193 56 192 55 191 56 190 55 189 56 188 55 187 56 186 55 185 56 184 55 183 56 182 55 181 56 180 55 179 56 178 55 177 56 176 55 175 56 174 55 173 56 172 55 171 56 170 55 169 56 168 55 167 56 166 55 165 56 164 55 163 56 162 55 161 56 160 55 159 56 158 55 157 56 156 55 155 56 154 55 153 56 152 55 151 56 150 55 149 56 148 55 147 56 146 55 145 56 144 55 143 56 142 55 141 56 140 55 139 56 138 55 137 56 136 55 135 56 134 55 133
133 56 132 55 131 56 130 55 129 56 128 55 127 56 126 55 125 56 124 55 123 56 122 55 121 56 120 55 119 56 118 55 117 56 116 55 115 56 114 55 113 56 112 55 111 56 110 55 109 56 108 55 107 56 106 55 105 56 104 55 103 56 102 55 101 56 100 55 99 56 98 55 97 56 96 55 95 56 94 55 93 56 92 55 91 56 90 55 89 56 88 55 87 56 86 55 85 56 84 55 83 56 82 55 81 56 80 55 79 56 78 55 77 56 76 55 75 56 74 55 73 56 72 55 71 56 70 55 69 56 68 55 67 56 66 55 65 56 64 55 63 56 62 55 61 56 60 55 59 56 58 55 57 56 55
55 209 54 208 53 207 54 206 53 205 54 204 53 203 54 202 53 201 54 200 53 199 54 198 53 197 54 196 53 195 54 194 53 193 54 192 53 191 54 190 53 189 54 188 53 187 54 186 53 185 54 184 53 183 54 182 53 181 54 180 53 179 54 178 53 177 54 176 53 175 54 174 53 173 54 172 53 171 54 170 53 169 54 168 53 167 54 166 53 165 54 164 53 163 54 162 53 161 54 160 53 159 54 158 53 157 54 156 53 155 54 154 53 153 54 152 53 151 54 150 53 149 54 148 53 147 54 146 53 145 54 144 53 143 54 142 53 141 54 140 53 139 54 138 53 137 54 136 53 135 54 134 53 133 54 132
132 53 131 54 130 53 129 54 128 53 127 54 126 53 125 54 124 53 123 54 122 53 121 54 120 53 119 54 118 53 117 54 116 53 115 54 114 53 113 54 112 53 111 54 110 53 109 54 108 53 107 54 106 53 105 54 104 53 103 54 102 53 101 54 100 53 99 54 98 53 97 54 96 53 95 54 94 53 93 54 92 53 91 54 90 53 89 54 88 53 87 54 86 53 85 54 84 53 83 54 82 53 81 54 80 53 79 54 78 53 77 54 76 53 75 54 74 53 73 54 72 53 71 54 70 53 69 54 68 53 67 54 66 53 65 54 64 53 63 54 62 53 61 54 60 53 59 54 58 53 57 54 56 53 55 54 53
53 209 52 208 51 207 52 206 51 205 52 204 51 203 52 202 51 201 52 200 51 199 52 198 51 197 52 196 51 195 52 194 51 193 52 192 51 191 52 190 51 189 52 188 51 187 52 186 51 185 52 184 51 183 52 182 51 181 52 180 51 179 52 178 51 177 52 176 51 175 52 174 51 173 52 172 51 171 52 170 51 169 52 168 51 167 52 166 51 165 52 164 51 163 52 162 51 161 52 160 51 159 52 158 51 157 52 156 51 155 52 154 51 153 52 152 51 151 52 150 51 149 52 148 51 147 52 146 51 145 52 144 51 143 52 142 51 141 52 140 51 139 52 138 51 137 52 136 51 135 52 134 51 133 52 132 51 131
131 52 130 51 129 52 128 51 127 52 126 51 125 52 124 51 123 52 122 51 121 52 120 51 119 52 118 51 117 52 116 51 115 52 114 51 113 52 112 51 111 52 110 51 109 52 108 51 107 52 106 51 105 52 104 51 103 52 102 51 101 52 100 51 99 52 98 51 97 52 96 51 95 52 94 51 93 52 92 51 91 52 90 51 89 52 88 51 87 52 86 51 85 52 84 51 83 52 82 51 81 52 80 51 79 52 78 51 77 52 76 51 75 52 74 51 73 52 72 51 71 52 70 51 69 52 68 51 67 52 66 51 65 52 64 51 63 52 62 51 61 52 60 51 59 52 58 51 57 52 56 51 55 52 54 51 53 52 51
51 209 50 208 49 207 50 206 49 205 50 204 49 203 50 202 49 201 50 200 49 199 50 198 49 197 50 196 49 195 50 194 49 193 50 192 49 191 50 190 49 189 50 188 49 187 50 186 49 185 50 184 49 183 50 182 49 181 50 180 49 179 50 178 49 177 50 176 49 175 50 174 49 173 50 172 49 171 50 170 49 169 50 168 49 167 50 166 49 165 50 164 49 163 50 162 49 161 50 160 49 159 50 158 49 157 50 156 49 155 50 154 49 153 50 152 49 151 50 150 49 149 50 148 49 147 50 146 49 145 50 144 49 143 50 142 49 141 50 140 49 139 50 138 49 137 50 136 49 135 50 134 49 133 50 132 49 131 50 130
130 49 129 50 128 49 127 50 126 49 125 50 124 49 123 50 122 49 121 50 120 49 119 50 118 49 117 50 116 49 115 50 114 49 113 50 112 49 111 50 110 49 109 50 108 49 107 50 106 49 105 50 104 49 103 50 102 49 101 50 100 49 99 50 98 49 97 50 96 49 95 50 94 49 93 50 92 49 91 50 90 49 89 50 88 49 87 50 86 49 85 50 84 49 83 50 82 49 81 50 80 49 79 50 78 49 77 50 76 49 75 50 74 49 73 50 72 49 71 50 70 49 69 50 68 49 67 50 66 49 65 50 64 49 63 50 62 49 61 50 60 49 59 50 58 49 57 50 56 49 55 50 54 49 53 50 52 49 51 50 49
49 209 48 208 47 207 48 206 47 205 48 204 47 203 48 202 47 201 48 200 47 199 48 198 47 197 48 196 47 195 48 194 47 193 48 192 47 191 48 190 47 189 48 188 47 187 48 186 47 185 48 184 47 183 48 182 47 181 48 180 47 179 48 178 47 177 48 176 47 175 48 174 47 173 48 172 47 171 48 170 47 169 48 168 47 167 48 166 47 165 48 164 47 163 48 162 47 161 48 160 47 159 48 158 47 157 48 156 47 155 48 154 47 153 48 152 47 151 48 150 47 149 48 148 47 147 48 146 47 145 48 144 47 143 48 142 47 141 48 140 47 139 48 138 47 137 48 136 47 135 48 134 47 133 48 132 47 131 48 130 47 129
129 48 128 47 127 48 126 47 125 48 124 47 123 48 122 47 121 48 120 47 119 48 118 47 117 48 116 47 115 48 114 47 113 48 112 47 111 48 110 47 109 48 108 47 107 48 106 47 105 48 104 47 103 48 102 47 101 48 100 47 99 48 98 47 97 48 96 47 95 48 94 47 93 48 92 47 91 48 90 47 89 48 88 47 87 48 86 47 85 48 84 47 83 48 82 47 81 48 80 47 79 48 78 47 77 48 76 47 75 48 74 47 73 48 72 47 71 48 70 47 69 48 68 47 67 48 66 47 65 48 64 47 63 48 62 47 61 48 60 47 59 48 58 47 57 48 56 47 55 48 54 47 53 48 52 47 51 48 50 47 49 48 47
47 209 46 208 45 207 46 206 45 205 46 204 45 203 46 202 45 201 46 200 45 199 46 198 45 197 46 196 45 195 46 194 45 193 46 192 45 191 46 190 45 189 46 188 45 187 46 186 45 185 46 184 45 183 46 182 45 181 46 180 45 179 46 178 45 177 46 176 45 175 46 174 45 173 46 172 45 171 46 170 45 169 46 168 45 167 46 166 45 165 46 164 45 163 46 162 45 161 46 160 45 159 46 158 45 157 46 156 45 155 46 154 45 153 46 152 45 151 46 150 45 149 46 148 45 147 46 146 45 145 46 144 45 143 46 142 45 141 46 140 45 139 46 138 45 137 46 136 45 135 46 134 45 133 46 132 45 131 46 130 45 129 46 128
128 45 127 46 126 45 125 46 124 45 123 46 122 45 121 46 120 45 119 46 118 45 117 46 116 45 115 46 114 45 113 46 112 45 111 46 110 45 109 46 108 45 107 46 106 45 105 46 104 45 103 46 102 45 101 46 100 45 99 46 98 45 97 46 96 45 95 46 94 45 93 46 92 45 91 46 90 45 89 46 88 45 87 46 86 45 85 46 84 45 83 46 82 45 81 46 80 45 79 46 78 45 77 46 76 45 75 46 74 45 73 46 72 45 71 46 70 45 69 46 68 45 67 46 66 45 65 46 64 45 63 46 62 45 61 46 60 45 59 46 58 45 57 46 56 45 55 46 54 45 53 46 52 45 51 46 50 45 49 46 48 45 47 46 45
45 209 44 208 43 207 44 206 43 205 44 204 43 203 44 202 43 201 44 200 43 199 44 198 43 197 44 196 43 195 44 194 43 193 44 192 43 191 44 190 43 189 44 188 43 187 44 186 43 185 44 184 43 183 44 182 43 181 44 180 43 179 44 178 43 177 44 176 43 175 44 174 43 173 44 172 43 171 44 170 43 169 44 168 43 167 44 166 43 165 44 164 43 163 44 162 43 161 44 160 43 159 44 158 43 157 44 156 43 155 44 154 43 153 44 152 43 151 44 150 43 149 44 148 43 147 44 146 43 145 44 144 43 143 44 142 43 141 44 140 43 139 44 138 43 137 44 136 43 135 44 134 43 133 44 132 43 131 44 130 43 129 44 128 43 127
127 44 126 43 125 44 124 43 123 44 122 43 121 44 120 43 119 44 118 43 117 44 116 43 115 44 114 43 113 44 112 43 111 44 110 43 109 44 108 43 107 44 106 43 105 44 104 43 103 44 102 43 101 44 100 43 99 44 98 43 97 44 96 43 95 44 94 43 93 44 92 43 91 44 90 43 89 44 88 43 87 44 86 43 85 44 84 43 83 44 82 43 81 44 80 43 79 44 78 43 77 44 76 43 75 44 74 43 73 44 72 43 71 44 70 43 69 44 68 43 67 44 66 43 65 44 64 43 63 44 62 43 61 44 60 43 59 44 58 43 57 44 56 43 55 44 54 43 53 44 52 43 51 44 50 43 49 44 48 43 47 44 46 43 45 44 43
43 209 42 208 41 207 42 206 41 205 42 204 41 203 42 202 41 201 42 200 41 199 42 198 41 197 42 196 41 195 42 194 41 193 42 192 41 191 42 190 41 189 42 188 41 187 42 186 41 185 42 184 41 183 42 182 41 181 42 180 41 179 42 178 41 177 42 176 41 175 42 174 41 173 42 172 41 171 42 170 41 169 42 168 41 167 42 166 41 165 42 164 41 163 42 162 41 161 42 160 41 159 42 158 41 157 42 156 41 155 42 154 41 153 42 152 41 151 42 150 41 149 42 148 41 147 42 146 41 145 42 144 41 143 42 142 41 141 42 140 41 139 42 138 41 137 42 136 41 135 42 134 41 133 42 132 41 131 42 130 41 129 42 128 41 127 42 126
126 41 125 42 124 41 123 42 122 41 121 42 120 41 119 42 118 41 117 42 116 41 115 42 114 41 113 42 112 41 111 42 110 41 109 42 108 41 107 42 106 41 105 42 104 41 103 42 102 41 101 42 100 41 99 42 98 41 97 42 96 41 95 42 94 41 93 42 92 41 91 42 90 41 89 42 88 41 87 42 86 41 85 42 84 41 83 42 82 41 81 42 80 41 79 42 78 41 77 42 76 41 75 42 74 41 73 42 72 41 71 42 70 41 69 42 68 41 67 42 66 41 65 42 64 41 63 42 62 41 61 42 60 41 59 42 58 41 57 42 56 41 55 42 54 41 53 42 52 41 51 42 50 41 49 42 48 41 47 42 46 41 45 42 44 41 43 42 41
41 209 40 208 39 207 40 206 39 205 40 204 39 203 40 202 39 201 40 200 39 199 40 198 39 197 40 196 39 195 40 194 39 193 40 192 39 191 40 190 39 189 40 188 39 187 40 186 39 185 40 184 39 183 40 182 39 181 40 180 39 179 40 178 39 177 40 176 39 175 40 174 39 173 40 172 39 171 40 170 39 169 40 168 39 167 40 166 39 165 40 164 39 163 40 162 39 161 40 160 39 159 40 158 39 157 40 156 39 155 40 154 39 153 40 152 39 151 40 150 39 149 40 148 39 147 40 146 39 145 40 144 39 143 40 142 39 141 40 140 39 139 40 138 39 137 40 136 39 135 40 134 39 133 40 132 39 131 40 130 39 129 40 128 39 127 40 126 39 125
125 40 124 39 123 40 122 39 121 40 120 39 119 40 118 39 117 40 116 39 115 40 114 39 113 40 112 39 111 40 110 39 109 40 108 39 107 40 106 39 105 40 104 39 103 40 102 39 101 40 100 39 99 40 98 39 97 40 96 39 95 40 94 39 93 40 92 39 91 40 90 39 89 40 88 39 87 40 86 39 85 40 84 39 83 40 82 39 81 40 80 39 79 40 78 39 77 40 76 39 75 40 74 39 73 40 72 39 71 40 70 39 69 40 68 39 67 40 66 39 65 40 64 39 63 40 62 39 61 40 60 39 59 40 58 39 57 40 56 39 55 40 54 39 53 40 52 39 51 40 50 39 49 40 48 39 47 40 46 39 45 40 44 39 43 40 42 39 41 40 39
39 209 38 208 37 207 38 206 37 205 38 204 37 203 38 202 37 201 38 200 37 199 38 198 37 197 38 196 37 195 38 194 37 193 38 192 37 191 38 190 37 189 38 188 37 187 38 186 37 185 38 184 37 183 38 182 37 181 38 180 37 179 38 178 37 177 38 176 37 175 38 174 37 173 38 172 37 171 38 170 37 169 38 168 37 167 38 166 37 165 38 164 37 163 38 162 37 161 38 160 37 159 38 158 37 157 38 156 37 155 38 154 37 153 38 152 37 151 38 150 37 149 38 148 37 147 38 146 37 145 38 144 37 143 38 142 37 141 38 140 37 139 38 138 37 137 38 136 37 135 38 134 37 133 38 132 37 131 38 130 37 129 38 128 37 127 38 126 37 125 38 124
124 37 123 38 122 37 121 38 120 37 119 38 118 37 117 38 116 37 115 38 114 37 113 38 112 37 111 38 110 37 109 38 108 37 107 38 106 37 105 38 104 37 103 38 102 37 101 38 100 37 99 38 98 37 97 38 96 37 95 38 94 37 93 38 92 37 91 38 90 37 89 38 88 37 87 38 86 37 85 38 84 37 83 38 82 37 81 38 80 37 79 38 78 37 77 38 76 37 75 38 74 37 73 38 72 37 71 38 70 37 69 38 68 37 67 38 66 37 65 38 64 37 63 38 62 37 61 38 60 37 59 38 58 37 57 38 56 37 55 38 54 37 53 38 52 37 51 38 50 37 49 38 48 37 47 38 46 37 45 38 44 37 43 38 42 37 41 38 40 37 39 38 37
37 209 36 208 35 207 36 206 35 205 36 204 35 203 36 202 35 201 36 200 35 199 36 198 35 197 36 196 35 195 36 194 35 193 36 192 35 191 36 190 35 189 36 188 35 187 36 186 35 185 36 184 35 183 36 182 35 181 36 180 35 179 36 178 35 177 36 176 35 175 36 174 35 173 36 172 35 171 36 170 35 169 36 168 35 167 36 166 35 165 36 164 35 163 36 162 35 161 36 160 35 159 36 158 35 157 36 156 35 155 36 154 35 153 36 152 35 151 36 150 35 149 36 148 35 147 36 146 35 145 36 144 35 143 36 142 35 141 36 140 35 139 36 138 35 137 36 136 35 135 36 134 35 133 36 132 35 131 36 130 35 129 36 128 35 127 36 126 35 125 36 124 35 123
123 36 122 35 121 36 120 35 119 36 118 35 117 36 116 35 115 36 114 35 113 36 112 35 111 36 110 35 109 36 108 35 107 36 106 35 105 36 104 35 103 36 102 35 101 36 100 35 99 36 98 35 97 36 96 35 95 36 94 35 93 36 92 35 91 36 90 35 89 36 88 35 87 36 86 35 85 36 84 35 83 36 82 35 81 36 80 35 79 36 78 35 77 36 76 35 75 36 74 35 73 36 72 35 71 36 70 35 69 36 68 35 67 36 66 35 65 36 64 35 63 36 62 35 61 36 60 35 59 36 58 35 57 36 56 35 55 36 54 35 53 36 52 35 51 36 50 35 49 36 48 35 47 36 46 35 45 36 44 35 43 36 42 35 41 36 40 35 39 36 38 35 37 36 35
35 209 34 208 33 207 34 206 33 205 34 204 33 203 34 202 33 201 34 200 33 199 34 198 33 197 34 196 33 195 34 194 33 193 34 192 33 191 34 190 33 189 34 188 33 187 34 186 33 185 34 184 33 183 34 182 33 181 34 180 33 179 34 178 33 177 34 176 33 175 34 174 33 173 34 172 33 171 34 170 33 169 34 168 33 167 34 166 33 165 34 164 33 163 34 162 33 161 34 160 33 159 34 158 33 157 34 156 33 155 34 154 33 153 34 152 33 151 34 150 33 149 34 148 33 147 34 146 33 145 34 144 33 143 34 142 33 141 34 140 33 139 34 138 33 137 34 136 33 135 34 134 33 133 34 132 33 131 34 130 33 129 34 128 33 127 34 126 33 125 34 124 33 123 34 122
122 33 121 34 120 33 119 34 118 33 117 34 116 33 115 34 114 33 113 34 112 33 111 34 110 33 109 34 108 33 107 34 106 33 105 34 104 33 103 34 102 33 101 34 100 33 99 34 98 33 97 34 96 33 95 34 94 33 93 34 92 33 91 34 90 33 89 34 88 33 87 34 86 33 85 34 84 33 83 34 82 33 81 34 80 33 79 34 78 33 77 34 76 33 75 34 74 33 73 34 72 33 71 34 70 33 69 34 68 33 67 34 66 33 65 34 64 33 63 34 62 33 61 34 60 33 59 34 58 33 57 34 56 33 55 34 54 33 53 34 52 33 51 34 50 33 49 34 48 33 47 34 46 33 45 34 44 33 43 34 42 33 41 34 40 33 39 34 38 33 37 34 36 33 35 34 33
33 209 32 208 31 207 32 206 31 205 32 204 31 203 32 202 31 201 32 200 31 199 32 198 31 197 32 196 31 195 32 194 31 193 32 192 31 191 32 190 31 189 32 188 31 187 32 186 31 185 32 184 31 183 32 182 31 181 32 180 31 179 32 178 31 177 32 176 31 175 32 174 31 173 32 172 31 171 32 170 31 169 32 168 31 167 32 166 31 165 32 164 31 163 32 162 31 161 32 160 31 159 32 158 31 157 32 156 31 155 32 154 31 153 32 152 31 151 32 150 31 149 32 148 31 147 32 146 31 145 32 144 31 143 32 142 31 141 32 140 31 139 32 138 31 137 32 136 31 135 32 134 31 133 32 132 31 131 32 130 31 129 32 128 31 127 32 126 31 125 32 124 31 123 32 122 31 121
121 32 120 31 119 32 118 31 117 32 116 31 115 32 114 31 113 32 112 31 111 32 110 31 109 32 108 31 107 32 106 31 105 32 104 31 103 32 102 31 101 32 100 31 99 32 98 31 97 32 96 31 95 32 94 31 93 32 92 31 91 32 90 31 89 32 88 31 87 32 86 31 85 32 84 31 83 32 82 31 81 32 80 31 79 32 78 31 77 32 76 31 75 32 74 31 73 32 72 31 71 32 70 31 69 32 68 31 67 32 66 31 65 32 64 31 63 32 62 31 61 32 60 31 59 32 58 31 57 32 56 31 55 32 54 31 53 32 52 31 51 32 50 31 49 32 48 31 47 32 46 31 45 32 44 31 43 32 42 31 41 32 40 31 39 32 38 31 37 32 36 31 35 32 34 31 33 32 31
31 209 30 208 29 207 30 206 29 205 30 204 29 203 30 202 29 201 30 200 29 199 30 198 29 197 30 196 29 195 30 194 29 193 30 192 29 191 30 190 29 189 30 188 29 187 30 186 29 185 30 184 29 183 30 182 29 181 30 180 29 179 30 178 29 177 30 176 29 175 30 174 29 173 30 172 29 171 30 170 29 169 30 168 29 167 30 166 29 165 30 164 29 163 30 162 29 161 30 160 29 159 30 158 29 157 30 156 29 155 30 154 29 153 30 152 29 151 30 150 29 149 30 148 29 147 30 146 29 145 30 144 29 143 30 142 29 141 30 140 29 139 30 138 29 137 30 136 29 135 30 134 29 133 30 132 29 131 30 130 29 129 30 128 29 127 30 126 29 125 30 124 29 123 30 122 29 121 30 120
120 29 119 30 118 29 117 30 116 29 115 30 114 29 113 30 112 29 111 30 110 29 109 30 108 29 107 30 106 29 105 30 104 29 103 30 102 29 101 30 100 29 99 30 98 29 97 30 96 29 95 30 94 29 93 30 92 29 91 30 90 29 89 30 88 29 87 30 86 29 85 30 84 29 83 30 82 29 81 30 80 29 79 30 78 29 77 30 76 29 75 30 74 29 73 30 72 29 71 30 70 29 69 30 68 29 67 30 66 29 65 30 64 29 63 30 62 29 61 30 60 29 59 30 58 29 57 30 56 29 55 30 54 29 53 30 52 29 51 30 50 29 49 30 48 29 47 30 46 29 45 30 44 29 43 30 42 29 41 30 40 29 39 30 38 29 37 30 36 29 35 30 34 29 33 30 32 29 31 30 29
29 209 28 208 27 207 28 206 27 205 28 204 27 203 28 202 27 201 28 200 27 199 28 198 27 197 28 196 27 195 28 194 27 193 28 192 27 191 28 190 27 189 28 188 27 187 28 186 27 185 28 184 27 183 28 182 27 181 28 180 27 179 28 178 27 177 28 176 27 175 28 174 27 173 28 172 27 171 28 170 27 169 28 168 27 167 28 166 27 165 28 164 27 163 28 162 27 161 28 160 27 159 28 158 27 157 28 156 27 155 28 154 27 153 28 152 27 151 28 150 27 149 28 148 27 147 28 146 27 145 28 144 27 143 28 142 27 141 28 140 27 139 28 138 27 137 28 136 27 135 28 134 27 133 28 132 27 131 28 130 27 129 28 128 27 127 28 126 27 125 28 124 27 123 28 122 27 121 28 120 27 119
119 28 118 27 117 28 116 27 115 28 114 27 113 28 112 27 111 28 110 27 109 28 108 27 107 28 106 27 105 28 104 27 103 28 102 27 101 28 100 27 99 28 98 27 97 28 96 27 95 28 94 27 93 28 92 27 91 28 90 27 89 28 88 27 87 28 86 27 85 28 84 27 83 28 82 27 81 28 80 27 79 28 78 27 77 28 76 27 75 28 74 27 73 28 72 27 71 28 70 27 69 28 68 27 67 28 66 27 65 28 64 27 63 28 62 27 61 28 60 27 59 28 58 27 57 28 56 27 55 28 54 27 53 28 52 27 51 28 50 27 49 28 48 27 47 28 46 27 45 28 44 27 43 28 42 27 41 28 40 27 39 28 38 27 37 28 36 27 35 28 34 27 33 28 32 27 31 28 30 27 29 28 27
27 209 26 208 25 207 26 206 25 205 26 204 25 203 26 202 25 201 26 200 25 199 26 198 25 197 26 196 25 195 26 194 25 193 26 192 25 191 26 190 25 189 26 188 25 187 26 186 25 185 26 184 25 183 26 182 25 181 26 180 25 179 26 178 25 177 26 176 25 175 26 174 25 173 26 172 25 171 26 170 25 169 26 168 25 167 26 166 25 165 26 164 25 163 26 162 25 161 26 160 25 159 26 158 25 157 26 156 25 155 26 154 25 153 26 152 25 151 26 150 25 149 26 148 25 147 26 146 25 145 26 144 25 143 26 142 25 141 26 140 25 139 26 138 25 137 26 136 25 135 26 134 25 133 26 132 25 131 26 130 25 129 26 128 25 127 26 126 25 125 26 124 25 123 26 122 25 121 26 120 25 119 26 118
118 25 117 26 116 25 115 26 114 25 113 26 112 25 111 26 110 25 109 26 108 25 107 26 106 25 105 26 104 25 103 26 102 25 101 26 100 25 99 26 98 25 97 26 96 25 95 26 94 25 93 26 92 25 91 26 90 25 89 26 88 25 87 26 86 25 85 26 84 25 83 26 82 25 81 26 80 25 79 26 78 25 77 26 76 25 75 26 74 25 73 26 72 25 71 26 70 25 69 26 68 25 67 26 66 25 65 26 64 25 63 26 62 25 61 26 60 25 59 26 58 25 57 26 56 25 55 26 54 25 53 26 52 25 51 26 50 25 49 26 48 25 47 26 46 25 45 26 44 25 43 26 42 25 41 26 40 25 39 26 38 25 37 26 36 25 35 26 34 25 33 26 32 25 31 26 30 25 29 26 28 25 27 26 25
25 209 24 208 23 207 24 206 23 205 24 204 23 203 24 202 23 201 24 200 23 199 24 198 23 197 24 196 23 195 24 194 23 193 24 192 23 191 24 190 23 189 24 188 23 187 24 186 23 185 24 184 23 183 24 182 23 181 24 180 23 179 24 178 23 177 24 176 23 175 24 174 23 173 24 172 23 171 24 170 23 169 24 168 23 167 24 166 23 165 24 164 23 163 24 162 23 161 24 160 23 159 24 158 23 157 24 156 23 155 24 154 23 153 24 152 23 151 24 150 23 149 24 148 23 147 24 146 23 145 24 144 23 143 24 142 23 141 24 140 23 139 24 138 23 137 24 136 23 135 24 134 23 133 24 132 23 131 24 130 23 129 24 128 23 127 24 126 23 125 24 124 23 123 24 122 23 121 24 120 23 119 24 118 23 117
117 24 116 23 115 24 114 23 113 24 112 23 111 24 110 23 109 24 108 23 107 24 106 23 105 24 104 23 103 24 102 23 101 24 100 23 99 24 98 23 97 24 96 23 95 24 94 23 93 24 92 23 91 24 90 23 89 24 88 23 87 24 86 23 85 24 84 23 83 24 82 23 81 24 80 23 79 24 78 23 77 24 76 23 75 24 74 23 73 24 72 23 71 24 70 23 69 24 68 23 67 24 66 23 65 24 64 23 63 24 62 23 61 24 60 23 59 24 58 23 57 24 56 23 55 24 54 23 53 24 52 23 51 24 50 23 49 24 48 23 47 24 46 23 45 24 44 23 43 24 42 23 41 24 40 23 39 24 38 23 37 24 36 23 35 24 34 23 33 24 32 23 31 24 30 23 29 24 28 23 27 24 26 23 25 24 23
23 209 22 208 21 207 22 206 21 205 22 204 21 203 22 202 21 201 22 200 21 199 22 198 21 197 22 196 21 195 22 194 21 193 22 192 21 191 22 190 21 189 22 188 21 187 22 186 21 185 22 184 21 183 22 182 21 181 22 180 21 179 22 178 21 177 22 176 21 175 22 174 21 173 22 172 21 171 22 170 21 169 22 168 21 167 22 166 21 165 22 164 21 163 22 162 21 161 22 160 21 159 22 158 21 157 22 156 21 155 22 154 21 153 22 152 21 151 22 150 21 149 22 148 21 147 22 146 21 145 22 144 21 143 22 142 21 141 22 140 21 139 22 138 21 137 22 136 21 135 22 134 21 133 22 132 21 131 22 130 21 129 22 128 21 127 22 126 21 125 22 124 21 123 22 122 21 121 22 120 21 119 22 118 21 117 22 116
116 21 115 22 114 21 113 22 112 21 111 22 110 21 109 22 108 21 107 22 106 21 105 22 104 21 103 22 102 21 101 22 100 21 99 22 98 21 97 22 96 21 95 22 94 21 93 22 92 21 91 22 90 21 89 22 88 21 87 22 86 21 85 22 84 21 83 22 82 21 81 22 80 21 79 22 78 21 77 22 76 21 75 22 74 21 73 22 72 21 71 22 70 21 69 22 68 21 67 22 66 21 65 22 64 21 63 22 62 21 61 22 60 21 59 22 58 21 57 22 56 21 55 22 54 21 53 22 52 21 51 22 50 21 49 22 48 21 47 22 46 21 45 22 44 21 43 22 42 21 41 22 40 21 39 22 38 21 37 22 36 21 35 22 34 21 33 22 32 21 31 22 30 21 29 22 28 21 27 22 26 21 25 22 24 21 23 22 21
21 209 20 208 19 207 20 206 19 205 20 204 19 203 20 202 19 201 20 200 19 199 20 198 19 197 20 196 19 195 20 194 19 193 20 192 19 191 20 190 19 189 20 188 19 187 20 186 19 185 20 184 19 183 20 182 19 181 20 180 19 179 20 178 19 177 20 176 19 175 20 174 19 173 20 172 19 171 20 170 19 169 20 168 19 167 20 166 19 165 20 164 19 163 20 162 19 161 20 160 19 159 20 158 19 157 20 156 19 155 20 154 19 153 20 152 19 151 20 150 19 149 20 148 19 147 20 146 19 145 20 144 19 143 20 142 19 141 20 140 19 139 20 138 19 137 20 136 19 135 20 134 19 133 20 132 19 131 20 130 19 129 20 128 19 127 20 126 19 125 20 124 19 123 20 122 19 121 20 120 19 119 20 118 19 117 20 116 19 115
115 20 114 19 113 20 112 19 111 20 110 19 109 20 108 19 107 20 106 19 105 20 104 19 103 20 102 19 101 20 100 19 99 20 98 19 97 20 96 19 95 20 94 19 93 20 92 19 91 20 90 19 89 20 88 19 87 20 86 19 85 20 84 19 83 20 82 19 81 20 80 19 79 20 78 19 77 20 76 19 75 20 74 19 73 20 72 19 71 20 70 19 69 20 68 19 67 20 66 19 65 20 64 19 63 20 62 19 61 20 60 19 59 20 58 19 57 20 56 19 55 20 54 19 53 20 52 19 51 20 50 19 49 20 48 19 47 20 46 19 45 20 44 19 43 20 42 19 41 20 40 19 39 20 38 19 37 20 36 19 35 20 34 19 33 20 32 19 31 20 30 19 29 20 28 19 27 20 26 19 25 20 24 19 23 20 22 19 21 20 19
19 209 18 208 17 207 18 206 17 205 18 204 17 203 18 202 17 201 18 200 17 199 18 198 17 197 18 196 17 195 18 194 17 193 18 192 17 191 18 190 17 189 18 188 17 187 18 186 17 185 18 184 17 183 18 182 17 181 18 180 17 179 18 178 17 177 18 176 17 175 18 174 17 173 18 172 17 171 18 170 17 169 18 168 17 167 18 166 17 165 18 164 17 163 18 162 17 161 18 160 17 159 18 158 17 157 18 156 17 155 18 154 17 153 18 152 17 151 18 150 17 149 18 148 17 147 18 146 17 145 18 144 17 143 18 142 17 141 18 140 17 139 18 138 17 137 18 136 17 135 18 134 17 133 18 132 17 131 18 130 17 129 18 128 17 127 18 126 17 125 18 124 17 123 18 122 17 121 18 120 17 119 18 118 17 117 18 116 17 115 18 114
114 17 113 18 112 17 111 18 110 17 109 18 108 17 107 18 106 17 105 18 104 17 103 18 102 17 101 18 100 17 99 18 98 17 97 18 96 17 95 18 94 17 93 18 92 17 91 18 90 17 89 18 88 17 87 18 86 17 85 18 84 17 83 18 82 17 81 18 80 17 79 18 78 17 77 18 76 17 75 18 74 17 73 18 72 17 71 18 70 17 69 18 68 17 67 18 66 17 65 18 64 17 63 18 62 17 61 18 60 17 59 18 58 17 57 18 56 17 55 18 54 17 53 18 52 17 51 18 50 17 49 18 48 17 47 18 46 17 45 18 44 17 43 18 42 17 41 18 40 17 39 18 38 17 37 18 36 17 35 18 34 17 33 18 32 17 31 18 30 17 29 18 28 17 27 18 26 17 25 18 24 17 23 18 22 17 21 18 20 17 19 18 17
17 209 16 208 15 207 16 206 15 205 16 204 15 203 16 202 15 201 16 200 15 199 16 198 15 197 16 196 15 195 16 194 15 193 16 192 15 191 16 190 15 189 16 188 15 187 16 186 15 185 16 184 15 183 16 182 15 181 16 180 15 179 16 178 15 177 16 176 15 175 16 174 15 173 16 172 15 171 16 170 15 169 16 168 15 167 16 166 15 165 16 164 15 163 16 162 15 161 16 160 15 159 16 158 15 157 16 156 15 155 16 154 15 153 16 152 15 151 16 150 15 149 16 148 15 147 16 146 15 145 16 144 15 143 16 142 15 141 16 140 15 139 16 138 15 137 16 136 15 135 16 134 15 133 16 132 15 131 16 130 15 129 16 128 15 127 16 126 15 125 16 124 15 123 16 122 15 121 16 120 15 119 16 118 15 117 16 116 15 115 16 114 15 113
113 16 112 15 111 16 110 15 109 16 108 15 107 16 106 15 105 16 104 15 103 16 102 15 101 16 100 15 99 16 98 15 97 16 96 15 95 16 94 15 93 16 92 15 91 16 90 15 89 16 88 15 87 16 86 15 85 16 84 15 83 16 82 15 81 16 80 15 79 16 78 15 77 16 76 15 75 16 74 15 73 16 72 15 71 16 70 15 69 16 68 15 67 16 66 15 65 16 64 15 63 16 62 15 61 16 60 15 59 16 58 15 57 16 56 15 55 16 54 15 53 16 52 15 51 16 50 15 49 16 48 15 47 16 46 15 45 16 44 15 43 16 42 15 41 16 40 15 39 16 38 15 37 16 36 15 35 16 34 15 33 16 32 15 31 16 30 15 29 16 28 15 27 16 26 15 25 16 24 15 23 16 22 15 21 16 20 15 19 16 18 15 17 16 15
15 209 14 208 13 207 14 206 13 205 14 204 13 203 14 202 13 201 14 200 13 199 14 198 13 197 14 196 13 195 14 194 13 193 14 192 13 191 14 190 13 189 14 188 13 187 14 186 13 185 14 184 13 183 14 182 13 181 14 180 13 179 14 178 13 177 14 176 13 175 14 174 13 173 14 172 13 171 14 170 13 169 14 168 13 167 14 166 13 165 14 164 13 163 14 162 13 161 14 160 13 159 14 158 13 157 14 156 13 155 14 154 13 153 14 152 13 151 14 150 13 149 14 148 13 147 14 146 13 145 14 144 13 143 14 142 13 141 14 140 13 139 14 138 13 137 14 136 13 135 14 134 13 133 14 132 13 131 14 130 13 129 14 128 13 127 14 126 13 125 14 124 13 123 14 122 13 121 14 120 13 119 14 118 13 117 14 116 13 115 14 114 13 113 14 112
112 13 111 14 110 13 109 14 108 13 107 14 106 13 105 14 104 13 103 14 102 13 101 14 100 13 99 14 98 13 97 14 96 13 95 14 94 13 93 14 92 13 91 14 90 13 89 14 88 13 87 14 86 13 85 14 84 13 83 14 82 13 81 14 80 13 79 14 78 13 77 14 76 13 75 14 74 13 73 14 72 13 71 14 70 13 69 14 68 13 67 14 66 13 65 14 64 13 63 14 62 13 61 14 60 13 59 14 58 13 57 14 56 13 55 14 54 13 53 14 52 13 51 14 50 13 49 14 48 13 47 14 46 13 45 14 44 13 43 14 42 13 41 14 40 13 39 14 38 13 37 14 36 13 35 14 34 13 33 14 32 13 31 14 30 13 29 14 28 13 27 14 26 13 25 14 24 13 23 14 22 13 21 14 20 13 19 14 18 13 17 14 16 13 15 14 13
13 209 12 208 11 207 12 206 11 205 12 204 11 203 12 202 11 201 12 200 11 199 12 198 11 197 12 196 11 195 12 194 11 193 12 192 11 191 12 190 11 189 12 188 11 187 12 186 11 185 12 184 11 183 12 182 11 181 12 180 11 179 12 178 11 177 12 176 11 175 12 174 11 173 12 172 11 171 12 170 11 169 12 168 11 167 12 166 11 165 12 164 11 163 12 162 11 161 12 160 11 159 12 158 11 157 12 156 11 155 12 154 11 153 12 152 11 151 12 150 11 149 12 148 11 147 12 146 11 145 12 144 11 143 12 142 11 141 12 140 11 139 12 138 11 137 12 136 11 135 12 134 11 133 12 132 11 131 12 130 11 129 12 128 11 127 12 126 11 125 12 124 11 123 12 122 11 121 12 120 11 119 12 118 11 117 12 116 11 115 12 114 11 113 12 112 11 111
111 12 110 11 109 12 108 11 107 12 106 11 105 12 104 11 103 12 102 11 101 12 100 11 99 12 98 11 97 12 96 11 95 12 94 11 93 12 92 11 91 12 90 11 89 12 88 11 87 12 86 11 85 12 84 11 83 12 82 11 81 12 80 11 79 12 78 11 77 12 76 11 75 12 74 11 73 12 72 11 71 12 70 11 69 12 68 11 67 12 66 11 65 12 64 11 63 12 62 11 61 12 60 11 59 12 58 11 57 12 56 11 55 12 54 11 53 12 52 11 51 12 50 11 49 12 48 11 47 12 46 11 45 12 44 11 43 12 42 11 41 12 40 11 39 12 38 11 37 12 36 11 35 12 34 11 33 12 32 11 31 12 30 11 29 12 28 11 27 12 26 11 25 12 24 11 23 12 22 11 21 12 20 11 19 12 18 11 17 12 16 11 15 12 14 11 13 12 11
11 209 10 208 9 207 10 206 9 205 10 204 9 203 10 202 9 201 10 200 9 199 10 198 9 197 10 196 9 195 10 194 9 193 10 192 9 191 10 190 9 189 10 188 9 187 10 186 9 185 10 184 9 183 10 182 9 181 10 180 9 179 10 178 9 177 10 176 9 175 10 174 9 173 10 172 9 171 10 170 9 169 10 168 9 167 10 166 9 165 10 164 9 163 10 162 9 161 10 160 9 159 10 158 9 157 10 156 9 155 10 154 9 153 10 152 9 151 10 150 9 149 10 148 9 147 10 146 9 145 10 144 9 143 10 142 9 141 10 140 9 139 10 138 9 137 10 136 9 135 10 134 9 133 10 132 9 131 10 130 9 129 10 128 9 127 10 126 9 125 10 124 9 123 10 122 9 121 10 120 9 119 10 118 9 117 10 116 9 115 10 114 9 113 10 112 9 111 10 110
110 9 109 10 108 9 107 10 106 9 105 10 104 9 103 10 102 9 101 10 100 9 99 10 98 9 97 10 96 9 95 10 94 9 93 10 92 9 91 10 90 9 89 10 88 9 87 10 86 9 85 10 84 9 83 10 82 9 81 10 80 9 79 10 78 9 77 10 76 9 75 10 74 9 73 10 72 9 71 10 70 9 69 10 68 9 67 10 66 9 65 10 64 9 63 10 62 9 61 10 60 9 59 10 58 9 57 10 56 9 55 10 54 9 53 10 52 9 51 10 50 9 49 10 48 9 47 10 46 9 45 10 44 9 43 10 42 9 41 10 40 9 39 10 38 9 37 10 36 9 35 10 34 9 33 10 32 9 31 10 30 9 29 10 28 9 27 10 26 9 25 10 24 9 23 10 22 9 21 10 20 9 19 10 18 9 17 10 16 9 15 10 14 9 13 10 12 9 11 10 9
9 209 8 208 7 207 8 206 7 205 8 204 7 203 8 202 7 201 8 200 7 199 8 198 7 197 8 196 7 195 8 194 7 193 8 192 7 191 8 190 7 189 8 188 7 187 8 186 7 185 8 184 7 183 8 182 7 181 8 180 7 179 8 178 7 177 8 176 7 175 8 174 7 173 8 172 7 171 8 170 7 169 8 168 7 167 8 166 7 165 8 164 7 163 8 162 7 161 8 160 7 159 8 158 7 157 8 156 7 155 8 154 7 153 8 152 7 151 8 150 7 149 8 148 7 147 8 146 7 145 8 144 7 143 8 142 7 141 8 140 7 139 8 138 7 137 8 136 7 135 8 134 7 133 8 132 7 131 8 130 7 129 8 128 7 127 8 126 7 125 8 124 7 123 8 122 7 121 8 120 7 119 8 118 7 117 8 116 7 115 8 114 7 113 8 112 7 111 8 110 7 109
109 8 108 7 107 8 106 7 105 8 104 7 103 8 102 7 101 8 100 7 99 8 98 7 97 8 96 7 95 8 94 7 93 8 92 7 91 8 90 7 89 8 88 7 87 8 86 7 85 8 84 7 83 8 82 7 81 8 80 7 79 8 78 7 77 8 76 7 75 8 74 7 73 8 72 7 71 8 70 7 69 8 68 7 67 8 66 7 65 8 64 7 63 8 62 7 61 8 60 7 59 8 58 7 57 8 56 7 55 8 54 7 53 8 52 7 51 8 50 7 49 8 48 7 47 8 46 7 45 8 44 7 43 8 42 7 41 8 40 7 39 8 38 7 37 8 36 7 35 8 34 7 33 8 32 7 31 8 30 7 29 8 28 7 27 8 26 7 25 8 24 7 23 8 22 7 21 8 20 7 19 8 18 7 17 8 16 7 15 8 14 7 13 8 12 7 11 8 10 7 9 8 7
7 209 6 208 5 207 6 206 5 205 6 204 5 203 6 202 5 201 6 200 5 199 6 198 5 197 6 196 5 195 6 194 5 193 6 192 5 191 6 190 5 189 6 188 5 187 6 186 5 185 6 184 5 183 6 182 5 181 6 180 5 179 6 178 5 177 6 176 5 175 6 174 5 173 6 172 5 171 6 170 5 169 6 168 5 167 6 166 5 165 6 164 5 163 6 162 5 161 6 160 5 159 6 158 5 157 6 156 5 155 6 154 5 153 6 152 5 151 6 150 5 149 6 148 5 147 6 146 5 145 6 144 5 143 6 142 5 141 6 140 5 139 6 138 5 137 6 136 5 135 6 134 5 133 6 132 5 131 6 130 5 129 6 128 5 127 6 126 5 125 6 124 5 123 6 122 5 121 6 120 5 119 6 118 5 117 6 116 5 115 6 114 5 113 6 112 5 111 6 110 5 109 6 108
108 5 107 6 106 5 105 6 104 5 103 6 102 5 101 6 100 5 99 6 98 5 97 6 96 5 95 6 94 5 93 6 92 5 91 6 90 5 89 6 88 5 87 6 86 5 85 6 84 5 83 6 82 5 81 6 80 5 79 6 78 5 77 6 76 5 75 6 74 5 73 6 72 5 71 6 70 5 69 6 68 5 67 6 66 5 65 6 64 5 63 6 62 5 61 6 60 5 59 6 58 5 57 6 56 5 55 6 54 5 53 6 52 5 51 6 50 5 49 6 48 5 47 6 46 5 45 6 44 5 43 6 42 5 41 6 40 5 39 6 38 5 37 6 36 5 35 6 34 5 33 6 32 5 31 6 30 5 29 6 28 5 27 6 26 5 25 6 24 5 23 6 22 5 21 6 20 5 19 6 18 5 17 6 16 5 15 6 14 5 13 6 12 5 11 6 10 5 9 6 8 5 7 6 5
5 209 4 208 3 207 4 206 3 205 4 204 3 203 4 202 3 201 4 200 3 199 4 198 3 197 4 196 3 195 4 194 3 193 4 192 3 191 4 190 3 189 4 188 3 187 4 186 3 185 4 184 3 183 4 182 3 181 4 180 3 179 4 178 3 177 4 176 3 175 4 174 3 173 4 172 3 171 4 170 3 169 4 168 3 167 4 166 3 165 4 164 3 163 4 162 3 161 4 160 3 159 4 158 3 157 4 156 3 155 4 154 3 153 4 152 3 151 4 150 3 149 4 148 3 147 4 146 3 145 4 144 3 143 4 142 3 141 4 140 3 139 4 138 3 137 4 136 3 135 4 134 3 133 4 132 3 131 4 130 3 129 4 128 3 127 4 126 3 125 4 124 3 123 4 122 3 121 4 120 3 119 4 118 3 117 4 116 3 115 4 114 3 113 4 112 3 111 4 110 3 109 4 108 3 107
107 4 106 3 105 4 104 3 103 4 102 3 101 4 100 3 99 4 98 3 97 4 96 3 95 4 94 3 93 4 92 3 91 4 90 3 89 4 88 3 87 4 86 3 85 4 84 3 83 4 82 3 81 4 80 3 79 4 78 3 77 4 76 3 75 4 74 3 73 4 72 3 71 4 70 3 69 4 68 3 67 4 66 3 65 4 64 3 63 4 62 3 61 4 60 3 59 4 58 3 57 4 56 3 55 4 54 3 53 4 52 3 51 4 50 3 49 4 48 3 47 4 46 3 45 4 44 3 43 4 42 3 41 4 40 3 39 4 38 3 37 4 36 3 35 4 34 3 33 4 32 3 31 4 30 3 29 4 28 3 27 4 26 3 25 4 24 3 23 4 22 3 21 4 20 3 19 4 18 3 17 4 16 3 15 4 14 3 13 4 12 3 11 4 10 3 9 4 8 3 7 4 6 3 5 4 3
3 209 2 208 1 207 2 206 1 205 2 204 1 203 2 202 1 201 2 200 1 199 2 198 1 197 2 196 1 195 2 194 1 193 2 192 1 191 2 190 1 189 2 188 1 187 2 186 1 185 2 184 1 183 2 182 1 181 2 180 1 179 2 178 1 177 2 176 1 175 2 174 1 173 2 172 1 171 2 170 1 169 2 168 1 167 2 166 1 165 2 164 1 163 2 162 1 161 2 160 1 159 2 158 1 157 2 156 1 155 2 154 1 153 2 152 1 151 2 150 1 149 2 148 1 147 2 146 1 145 2 144 1 143 2 142 1 141 2 140 1 139 2 138 1 137 2 136 1 135 2 134 1 133 2 132 1 131 2 130 1 129 2 128 1 127 2 126 1 125 2 124 1 123 2 122 1 121 2 120 1 119 2 118 1 117 2 116 1 115 2 114 1 113 2 112 1 111 2 110 1 109 2 108 1 107 2 106
106 1 105 2 104 1 103 2 102 1 101 2 100 1 99 2 98 1 97 2 96 1 95 2 94 1 93 2 92 1 91 2 90 1 89 2 88 1 87 2 86 1 85 2 84 1 83 2 82 1 81 2 80 1 79 2 78 1 77 2 76 1 75 2 74 1 73 2 72 1 71 2 70 1 69 2 68 1 67 2 66 1 65 2 64 1 63 2 62 1 61 2 60 1 59 2 58 1 57 2 56 1 55 2 54 1 53 2 52 1 51 2 50 1 49 2 48 1 47 2 46 1 45 2 44 1 43 2 42 1 41 2 40 1 39 2 38 1 37 2 36 1 35 2 34 1 33 2 32 1 31 2 30 1 29 2 28 1 27 2 26 1 25 2 24 1 23 2 22 1 21 2 20 1 19 2 18 1 17 2 16 1 15 2 14 1 13 2 12 1 11 2 10 1 9 2 8 1 7 2 6 1 5 2 4 1 3 2 1
